Wed Jan 23 2019 12:02:48 GMT+0000 (GMT): GET /list
Wed Jan 23 2019 12:02:49 GMT+0000 (GMT): GET /list
Wed Jan 23 2019 12:02:50 GMT+0000 (GMT): GET /list
Wed Jan 23 2019 12:02:51 GMT+0000 (GMT): GET /list
Wed Jan 23 2019 12:02:52 GMT+0000 (GMT): GET /list
Wed Jan 23 2019 12:02:53 GMT+0000 (GMT): GET /list
Wed Jan 23 2019 14:10:15 GMT+0000 (GMT): GET /list
Wed Jan 23 2019 14:10:15 GMT+0000 (GMT): GET /css/main.css
Wed Jan 23 2019 14:10:15 GMT+0000 (GMT): GET /images/logo2016v2.png
Wed Jan 23 2019 14:10:15 GMT+0000 (GMT): GET /favicon.ico
Wed Jan 23 2019 14:10:18 GMT+0000 (GMT): GET /remove/team/5c483cf35cc35801f0d83640
Wed Jan 23 2019 14:10:18 GMT+0000 (GMT): GET /css/main.css
Wed Jan 23 2019 14:10:18 GMT+0000 (GMT): GET /images/logo2016v2.png
Wed Jan 23 2019 14:10:18 GMT+0000 (GMT): GET /favicon.ico
Wed Jan 23 2019 14:10:37 GMT+0000 (GMT): GET /favicon.ico
Wed Jan 23 2019 14:15:45 GMT+0000 (GMT): GET /remove/team/5c485025306ba60327906d8d
Wed Jan 23 2019 14:15:45 GMT+0000 (GMT): GET /css/main.css
Wed Jan 23 2019 14:15:45 GMT+0000 (GMT): GET /images/logo2016v2.png
Wed Jan 23 2019 14:15:45 GMT+0000 (GMT): GET /favicon.ico
Wed Jan 23 2019 14:15:47 GMT+0000 (GMT): GET /favicon.ico
Wed Jan 23 2019 14:18:12 GMT+0000 (GMT): GET /remove/team/5c485195a5287003345ea056
Wed Jan 23 2019 14:18:12 GMT+0000 (GMT): GET /css/main.css
Wed Jan 23 2019 14:18:12 GMT+0000 (GMT): GET /images/logo2016v2.png
Wed Jan 23 2019 14:18:13 GMT+0000 (GMT): GET /favicon.ico
Wed Jan 23 2019 14:18:16 GMT+0000 (GMT): GET /favicon.ico
Wed Jan 23 2019 14:20:32 GMT+0000 (GMT): GET /list
Wed Jan 23 2019 14:20:32 GMT+0000 (GMT): GET /css/main.css
Wed Jan 23 2019 14:20:32 GMT+0000 (GMT): GET /images/logo2016v2.png
Wed Jan 23 2019 14:20:32 GMT+0000 (GMT): GET /favicon.ico
Wed Jan 23 2019 14:20:34 GMT+0000 (GMT): GET /remove/team/5c483cf35cc35801f0d83640
Wed Jan 23 2019 14:20:34 GMT+0000 (GMT): GET /css/main.css
Wed Jan 23 2019 14:20:34 GMT+0000 (GMT): GET /images/logo2016v2.png
Wed Jan 23 2019 14:20:34 GMT+0000 (GMT): GET /favicon.ico
Wed Jan 23 2019 14:21:07 GMT+0000 (GMT): GET /list
Wed Jan 23 2019 14:21:07 GMT+0000 (GMT): GET /css/main.css
Wed Jan 23 2019 14:21:07 GMT+0000 (GMT): GET /images/logo2016v2.png
Wed Jan 23 2019 14:21:07 GMT+0000 (GMT): GET /favicon.ico
Wed Jan 23 2019 14:21:09 GMT+0000 (GMT): GET /remove/team/5c483cf35cc35801f0d83640
Wed Jan 23 2019 14:21:09 GMT+0000 (GMT): GET /css/main.css
Wed Jan 23 2019 14:21:09 GMT+0000 (GMT): GET /images/logo2016v2.png
Wed Jan 23 2019 14:21:09 GMT+0000 (GMT): GET /favicon.ico
Wed Jan 23 2019 14:21:12 GMT+0000 (GMT): GET /favicon.ico
Wed Jan 23 2019 14:21:53 GMT+0000 (GMT): GET /css/main.css
Wed Jan 23 2019 14:22:13 GMT+0000 (GMT): GET /remove/team/5c483cf35cc35801f0d83640
Wed Jan 23 2019 14:22:13 GMT+0000 (GMT): GET /css/main.css
Wed Jan 23 2019 14:22:13 GMT+0000 (GMT): GET /images/logo2016v2.png
Wed Jan 23 2019 14:22:14 GMT+0000 (GMT): GET /favicon.ico
Wed Jan 23 2019 14:22:17 GMT+0000 (GMT): GET /favicon.ico
Wed Jan 23 2019 14:23:01 GMT+0000 (GMT): GET /list
Wed Jan 23 2019 14:23:01 GMT+0000 (GMT): GET /css/main.css
Wed Jan 23 2019 14:23:01 GMT+0000 (GMT): GET /images/logo2016v2.png
Wed Jan 23 2019 14:23:02 GMT+0000 (GMT): GET /favicon.ico
Wed Jan 23 2019 14:23:19 GMT+0000 (GMT): POST /remove/team/5c483d3f819d7901fd74fbbc
Wed Jan 23 2019 14:23:19 GMT+0000 (GMT): GET /favicon.ico
Wed Jan 23 2019 14:23:27 GMT+0000 (GMT): GET /favicon.ico
Wed Jan 23 2019 14:23:30 GMT+0000 (GMT): POST /remove/team/5c485195a5287003345ea056
Wed Jan 23 2019 14:23:31 GMT+0000 (GMT): GET /favicon.ico
Wed Jan 23 2019 14:23:36 GMT+0000 (GMT): GET /favicon.ico
Wed Jan 23 2019 14:23:39 GMT+0000 (GMT): GET /list
Wed Jan 23 2019 14:23:39 GMT+0000 (GMT): GET /css/main.css
Wed Jan 23 2019 14:23:39 GMT+0000 (GMT): GET /images/logo2016v2.png
Wed Jan 23 2019 14:23:39 GMT+0000 (GMT): GET /favicon.ico
Wed Jan 23 2019 14:24:38 GMT+0000 (GMT): GET /list
Wed Jan 23 2019 14:24:38 GMT+0000 (GMT): GET /css/main.css
Wed Jan 23 2019 14:24:38 GMT+0000 (GMT): GET /images/logo2016v2.png
Wed Jan 23 2019 14:24:38 GMT+0000 (GMT): GET /favicon.ico
Wed Jan 23 2019 14:25:07 GMT+0000 (GMT): GET /list
Wed Jan 23 2019 14:25:07 GMT+0000 (GMT): GET /css/main.css
Wed Jan 23 2019 14:25:07 GMT+0000 (GMT): GET /images/logo2016v2.png
Wed Jan 23 2019 14:25:08 GMT+0000 (GMT): GET /favicon.ico
Wed Jan 23 2019 14:25:12 GMT+0000 (GMT): POST /remove/team/5c485025306ba60327906d8d
Wed Jan 23 2019 14:25:12 GMT+0000 (GMT): GET /favicon.ico
Wed Jan 23 2019 14:25:19 GMT+0000 (GMT): GET /favicon.ico
Wed Jan 23 2019 14:26:14 GMT+0000 (GMT): GET /list
Wed Jan 23 2019 14:26:14 GMT+0000 (GMT): GET /css/main.css
Wed Jan 23 2019 14:26:14 GMT+0000 (GMT): GET /images/logo2016v2.png
Wed Jan 23 2019 14:26:15 GMT+0000 (GMT): GET /favicon.ico
Wed Jan 23 2019 14:26:18 GMT+0000 (GMT): POST /remove/team/5c484c7a321598031a80806c
Wed Jan 23 2019 14:26:18 GMT+0000 (GMT): GET /css/main.css
Wed Jan 23 2019 14:26:18 GMT+0000 (GMT): GET /images/logo2016v2.png
Wed Jan 23 2019 14:26:18 GMT+0000 (GMT): GET /favicon.ico
Wed Jan 23 2019 14:26:58 GMT+0000 (GMT): GET /list
Wed Jan 23 2019 14:26:58 GMT+0000 (GMT): GET /css/main.css
Wed Jan 23 2019 14:26:58 GMT+0000 (GMT): GET /images/logo2016v2.png
Wed Jan 23 2019 14:26:58 GMT+0000 (GMT): GET /favicon.ico
Wed Jan 23 2019 14:27:00 GMT+0000 (GMT): POST /remove/team/5c483d5759905d020ad8181c
Wed Jan 23 2019 14:27:00 GMT+0000 (GMT): GET /favicon.ico
Wed Jan 23 2019 14:27:05 GMT+0000 (GMT): GET /favicon.ico
Wed Jan 23 2019 14:27:08 GMT+0000 (GMT): GET /list
Wed Jan 23 2019 14:27:08 GMT+0000 (GMT): GET /css/main.css
Wed Jan 23 2019 14:27:08 GMT+0000 (GMT): GET /images/logo2016v2.png
Wed Jan 23 2019 14:27:08 GMT+0000 (GMT): GET /favicon.ico
Wed Jan 23 2019 14:27:27 GMT+0000 (GMT): POST /remove/team/5c484a5860435c030d69a946
Wed Jan 23 2019 14:27:27 GMT+0000 (GMT): GET /favicon.ico
Wed Jan 23 2019 14:27:30 GMT+0000 (GMT): GET /favicon.ico
Wed Jan 23 2019 14:28:22 GMT+0000 (GMT): POST /remove/team/5c483d708a75230217e3066e
Wed Jan 23 2019 14:28:22 GMT+0000 (GMT): GET /css/main.css
Wed Jan 23 2019 14:28:22 GMT+0000 (GMT): GET /images/logo2016v2.png
Wed Jan 23 2019 14:28:22 GMT+0000 (GMT): GET /favicon.ico
Wed Jan 23 2019 14:28:29 GMT+0000 (GMT): GET /list
Wed Jan 23 2019 14:28:29 GMT+0000 (GMT): GET /css/main.css
Wed Jan 23 2019 14:28:29 GMT+0000 (GMT): GET /images/logo2016v2.png
Wed Jan 23 2019 14:28:29 GMT+0000 (GMT): GET /favicon.ico
Wed Jan 23 2019 14:30:09 GMT+0000 (GMT): GET /list
Wed Jan 23 2019 14:30:09 GMT+0000 (GMT): GET /css/main.css
Wed Jan 23 2019 14:30:09 GMT+0000 (GMT): GET /images/logo2016v2.png
Wed Jan 23 2019 14:30:10 GMT+0000 (GMT): GET /favicon.ico
Wed Jan 23 2019 14:30:11 GMT+0000 (GMT): POST /remove/team/5c4840d193304e02c1eeccae
Wed Jan 23 2019 14:30:11 GMT+0000 (GMT): GET /css/main.css
Wed Jan 23 2019 14:30:11 GMT+0000 (GMT): GET /images/logo2016v2.png
Wed Jan 23 2019 14:30:11 GMT+0000 (GMT): GET /favicon.ico
Wed Jan 23 2019 14:30:13 GMT+0000 (GMT): GET /list
Wed Jan 23 2019 14:30:13 GMT+0000 (GMT): GET /css/main.css
Wed Jan 23 2019 14:30:13 GMT+0000 (GMT): GET /images/logo2016v2.png
Wed Jan 23 2019 14:30:13 GMT+0000 (GMT): GET /favicon.ico
Wed Jan 23 2019 14:30:15 GMT+0000 (GMT): POST /remove/team/5c483f92bf53550258477cad
Wed Jan 23 2019 14:30:15 GMT+0000 (GMT): GET /css/main.css
Wed Jan 23 2019 14:30:15 GMT+0000 (GMT): GET /images/logo2016v2.png
Wed Jan 23 2019 14:30:15 GMT+0000 (GMT): GET /favicon.ico
Wed Jan 23 2019 14:30:16 GMT+0000 (GMT): GET /list
Wed Jan 23 2019 14:30:16 GMT+0000 (GMT): GET /css/main.css
Wed Jan 23 2019 14:30:16 GMT+0000 (GMT): GET /images/logo2016v2.png
Wed Jan 23 2019 14:30:17 GMT+0000 (GMT): GET /favicon.ico
Wed Jan 23 2019 14:30:18 GMT+0000 (GMT): GET /update/team/5c4840d193304e02c1eeccae
Wed Jan 23 2019 14:30:18 GMT+0000 (GMT): GET /css/main.css
Wed Jan 23 2019 14:30:18 GMT+0000 (GMT): GET /images/logo2016v2.png
Wed Jan 23 2019 14:30:18 GMT+0000 (GMT): GET /favicon.ico
Wed Jan 23 2019 14:30:27 GMT+0000 (GMT): GET /favicon.ico
Wed Jan 23 2019 14:32:32 GMT+0000 (GMT): GET /list
Wed Jan 23 2019 14:32:32 GMT+0000 (GMT): GET /css/main.css
Wed Jan 23 2019 14:32:32 GMT+0000 (GMT): GET /images/logo2016v2.png
Wed Jan 23 2019 14:32:32 GMT+0000 (GMT): GET /favicon.ico
Wed Jan 23 2019 14:32:53 GMT+0000 (GMT): GET /team/5c4843f71e5f1e0300eec1a8
Wed Jan 23 2019 14:32:53 GMT+0000 (GMT): GET /favicon.ico
Wed Jan 23 2019 14:33:21 GMT+0000 (GMT): GET /
Wed Jan 23 2019 14:33:21 GMT+0000 (GMT): GET /css/main.css
Wed Jan 23 2019 14:33:21 GMT+0000 (GMT): GET /images/logo2016v2.png
Wed Jan 23 2019 14:33:22 GMT+0000 (GMT): GET /favicon.ico
Wed Jan 23 2019 14:36:15 GMT+0000 (GMT): GET /list
Wed Jan 23 2019 14:36:15 GMT+0000 (GMT): GET /css/main.css
Wed Jan 23 2019 14:36:15 GMT+0000 (GMT): GET /images/logo2016v2.png
Wed Jan 23 2019 14:36:15 GMT+0000 (GMT): GET /favicon.ico
Wed Jan 23 2019 14:39:44 GMT+0000 (GMT): GET /list
Wed Jan 23 2019 14:39:44 GMT+0000 (GMT): GET /css/main.css
Wed Jan 23 2019 14:39:44 GMT+0000 (GMT): GET /images/logo2016v2.png
Wed Jan 23 2019 14:39:44 GMT+0000 (GMT): GET /favicon.ico
Wed Jan 23 2019 14:39:47 GMT+0000 (GMT): POST /remove/team/5c484a5860435c030d69a946
Wed Jan 23 2019 14:39:47 GMT+0000 (GMT): GET /css/main.css
Wed Jan 23 2019 14:39:47 GMT+0000 (GMT): GET /images/logo2016v2.png
Wed Jan 23 2019 14:39:47 GMT+0000 (GMT): GET /favicon.ico
Wed Jan 23 2019 14:40:05 GMT+0000 (GMT): POST /remove/team/5c484a5860435c030d69a946
Wed Jan 23 2019 14:40:05 GMT+0000 (GMT): GET /css/main.css
Wed Jan 23 2019 14:40:05 GMT+0000 (GMT): GET /images/logo2016v2.png
Wed Jan 23 2019 14:40:05 GMT+0000 (GMT): GET /favicon.ico
Wed Jan 23 2019 14:40:10 GMT+0000 (GMT): GET /css/main.css
Wed Jan 23 2019 14:40:47 GMT+0000 (GMT): GET /list
Wed Jan 23 2019 14:40:47 GMT+0000 (GMT): GET /css/main.css
Wed Jan 23 2019 14:40:47 GMT+0000 (GMT): GET /images/logo2016v2.png
Wed Jan 23 2019 14:40:47 GMT+0000 (GMT): GET /favicon.ico
Wed Jan 23 2019 14:40:51 GMT+0000 (GMT): POST /remove/team/5c484a5860435c030d69a946
Wed Jan 23 2019 14:40:51 GMT+0000 (GMT): GET /css/main.css
Wed Jan 23 2019 14:40:51 GMT+0000 (GMT): GET /images/logo2016v2.png
Wed Jan 23 2019 14:40:51 GMT+0000 (GMT): GET /favicon.ico
Wed Jan 23 2019 14:40:54 GMT+0000 (GMT): GET /list
Wed Jan 23 2019 14:40:54 GMT+0000 (GMT): GET /css/main.css
Wed Jan 23 2019 14:40:54 GMT+0000 (GMT): GET /images/logo2016v2.png
Wed Jan 23 2019 14:40:54 GMT+0000 (GMT): GET /favicon.ico
Wed Jan 23 2019 14:41:00 GMT+0000 (GMT): POST /remove/team/5c484a5860435c030d69a946
Wed Jan 23 2019 14:41:00 GMT+0000 (GMT): GET /css/main.css
Wed Jan 23 2019 14:41:00 GMT+0000 (GMT): GET /images/logo2016v2.png
Wed Jan 23 2019 14:41:00 GMT+0000 (GMT): GET /favicon.ico
Wed Jan 23 2019 14:41:03 GMT+0000 (GMT): GET /list
Wed Jan 23 2019 14:41:03 GMT+0000 (GMT): GET /css/main.css
Wed Jan 23 2019 14:41:03 GMT+0000 (GMT): GET /images/logo2016v2.png
Wed Jan 23 2019 14:41:03 GMT+0000 (GMT): GET /favicon.ico
Wed Jan 23 2019 14:41:11 GMT+0000 (GMT): POST /remove/team/5c484a5860435c030d69a946
Wed Jan 23 2019 14:41:11 GMT+0000 (GMT): GET /css/main.css
Wed Jan 23 2019 14:41:11 GMT+0000 (GMT): GET /images/logo2016v2.png
Wed Jan 23 2019 14:41:11 GMT+0000 (GMT): GET /favicon.ico
Wed Jan 23 2019 14:41:14 GMT+0000 (GMT): GET /list
Wed Jan 23 2019 14:41:14 GMT+0000 (GMT): GET /css/main.css
Wed Jan 23 2019 14:41:14 GMT+0000 (GMT): GET /images/logo2016v2.png
Wed Jan 23 2019 14:41:15 GMT+0000 (GMT): GET /favicon.ico
Wed Jan 23 2019 14:41:19 GMT+0000 (GMT): POST /remove/team/5c4844021e5f1e0300eec1a9
Wed Jan 23 2019 14:41:19 GMT+0000 (GMT): GET /css/main.css
Wed Jan 23 2019 14:41:19 GMT+0000 (GMT): GET /images/logo2016v2.png
Wed Jan 23 2019 14:41:19 GMT+0000 (GMT): GET /favicon.ico
Wed Jan 23 2019 14:41:22 GMT+0000 (GMT): GET /list
Wed Jan 23 2019 14:41:22 GMT+0000 (GMT): GET /css/main.css
Wed Jan 23 2019 14:41:22 GMT+0000 (GMT): GET /images/logo2016v2.png
Wed Jan 23 2019 14:41:22 GMT+0000 (GMT): GET /favicon.ico
Wed Jan 23 2019 14:41:24 GMT+0000 (GMT): POST /remove/team/5c4844021e5f1e0300eec1a9
Wed Jan 23 2019 14:41:24 GMT+0000 (GMT): GET /css/main.css
Wed Jan 23 2019 14:41:24 GMT+0000 (GMT): GET /images/logo2016v2.png
Wed Jan 23 2019 14:41:24 GMT+0000 (GMT): GET /favicon.ico
Wed Jan 23 2019 14:41:27 GMT+0000 (GMT): GET /list
Wed Jan 23 2019 14:41:27 GMT+0000 (GMT): GET /css/main.css
Wed Jan 23 2019 14:41:27 GMT+0000 (GMT): GET /images/logo2016v2.png
Wed Jan 23 2019 14:41:28 GMT+0000 (GMT): GET /favicon.ico
Wed Jan 23 2019 14:41:29 GMT+0000 (GMT): POST /remove/team/5c484a5860435c030d69a946
Wed Jan 23 2019 14:41:29 GMT+0000 (GMT): GET /css/main.css
Wed Jan 23 2019 14:41:29 GMT+0000 (GMT): GET /images/logo2016v2.png
Wed Jan 23 2019 14:41:29 GMT+0000 (GMT): GET /favicon.ico
Wed Jan 23 2019 14:41:32 GMT+0000 (GMT): GET /list
Wed Jan 23 2019 14:41:32 GMT+0000 (GMT): GET /css/main.css
Wed Jan 23 2019 14:41:32 GMT+0000 (GMT): GET /images/logo2016v2.png
Wed Jan 23 2019 14:41:32 GMT+0000 (GMT): GET /favicon.ico
Wed Jan 23 2019 14:41:51 GMT+0000 (GMT): GET /list
Wed Jan 23 2019 14:41:51 GMT+0000 (GMT): GET /css/main.css
Wed Jan 23 2019 14:41:51 GMT+0000 (GMT): GET /images/logo2016v2.png
Wed Jan 23 2019 14:41:51 GMT+0000 (GMT): GET /favicon.ico
Wed Jan 23 2019 14:41:52 GMT+0000 (GMT): GET /create
Wed Jan 23 2019 14:41:52 GMT+0000 (GMT): GET /css/main.css
Wed Jan 23 2019 14:41:52 GMT+0000 (GMT): GET /images/logo2016v2.png
Wed Jan 23 2019 14:41:53 GMT+0000 (GMT): GET /favicon.ico
Wed Jan 23 2019 14:44:23 GMT+0000 (GMT): POST /create
Wed Jan 23 2019 14:44:23 GMT+0000 (GMT): GET /css/main.css
Wed Jan 23 2019 14:44:23 GMT+0000 (GMT): GET /images/logo2016v2.png
Wed Jan 23 2019 14:44:23 GMT+0000 (GMT): GET /favicon.ico
Wed Jan 23 2019 14:45:26 GMT+0000 (GMT): GET /list
Wed Jan 23 2019 14:45:26 GMT+0000 (GMT): GET /css/main.css
Wed Jan 23 2019 14:45:26 GMT+0000 (GMT): GET /images/logo2016v2.png
Wed Jan 23 2019 14:45:26 GMT+0000 (GMT): GET /favicon.ico
Wed Jan 23 2019 14:45:33 GMT+0000 (GMT): GET /team/5c487dc78cc0a607a4b111b5
Wed Jan 23 2019 14:45:33 GMT+0000 (GMT): GET /favicon.ico
Wed Jan 23 2019 14:45:48 GMT+0000 (GMT): GET /list
Wed Jan 23 2019 14:45:49 GMT+0000 (GMT): GET /css/main.css
Wed Jan 23 2019 14:45:49 GMT+0000 (GMT): GET /images/logo2016v2.png
Wed Jan 23 2019 14:45:49 GMT+0000 (GMT): GET /favicon.ico
Wed Jan 23 2019 14:46:01 GMT+0000 (GMT): GET /list
Wed Jan 23 2019 14:46:01 GMT+0000 (GMT): GET /css/main.css
Wed Jan 23 2019 14:46:01 GMT+0000 (GMT): GET /images/logo2016v2.png
Wed Jan 23 2019 14:46:01 GMT+0000 (GMT): GET /favicon.ico
Wed Jan 23 2019 14:46:04 GMT+0000 (GMT): GET /create
Wed Jan 23 2019 14:46:04 GMT+0000 (GMT): GET /css/main.css
Wed Jan 23 2019 14:46:04 GMT+0000 (GMT): GET /images/logo2016v2.png
Wed Jan 23 2019 14:46:05 GMT+0000 (GMT): GET /favicon.ico
Wed Jan 23 2019 14:46:09 GMT+0000 (GMT): GET /update
Wed Jan 23 2019 14:46:09 GMT+0000 (GMT): GET /css/main.css
Wed Jan 23 2019 14:46:09 GMT+0000 (GMT): GET /images/logo2016v2.png
Wed Jan 23 2019 14:46:10 GMT+0000 (GMT): GET /favicon.ico
Wed Jan 23 2019 14:46:10 GMT+0000 (GMT): GET /remove
Wed Jan 23 2019 14:46:10 GMT+0000 (GMT): GET /css/main.css
Wed Jan 23 2019 14:46:10 GMT+0000 (GMT): GET /images/logo2016v2.png
Wed Jan 23 2019 14:46:10 GMT+0000 (GMT): GET /favicon.ico
Wed Jan 23 2019 14:46:11 GMT+0000 (GMT): GET /create
Wed Jan 23 2019 14:46:11 GMT+0000 (GMT): GET /css/main.css
Wed Jan 23 2019 14:46:11 GMT+0000 (GMT): GET /images/logo2016v2.png
Wed Jan 23 2019 14:46:12 GMT+0000 (GMT): GET /favicon.ico
Wed Jan 23 2019 14:46:12 GMT+0000 (GMT): GET /list
Wed Jan 23 2019 14:46:12 GMT+0000 (GMT): GET /css/main.css
Wed Jan 23 2019 14:46:12 GMT+0000 (GMT): GET /images/logo2016v2.png
Wed Jan 23 2019 14:46:12 GMT+0000 (GMT): GET /favicon.ico
Wed Jan 23 2019 14:46:14 GMT+0000 (GMT): GET /create
Wed Jan 23 2019 14:46:14 GMT+0000 (GMT): GET /css/main.css
Wed Jan 23 2019 14:46:14 GMT+0000 (GMT): GET /images/logo2016v2.png
Wed Jan 23 2019 14:46:15 GMT+0000 (GMT): GET /favicon.ico
Wed Jan 23 2019 14:46:16 GMT+0000 (GMT): GET /list
Wed Jan 23 2019 14:46:16 GMT+0000 (GMT): GET /css/main.css
Wed Jan 23 2019 14:46:16 GMT+0000 (GMT): GET /images/logo2016v2.png
Wed Jan 23 2019 14:46:16 GMT+0000 (GMT): GET /favicon.ico
Wed Jan 23 2019 14:46:28 GMT+0000 (GMT): GET /team/5c484a5860435c030d69a946
Wed Jan 23 2019 14:46:28 GMT+0000 (GMT): GET /favicon.ico
Wed Jan 23 2019 14:46:34 GMT+0000 (GMT): POST /remove/team/5c484a5860435c030d69a946
Wed Jan 23 2019 14:46:34 GMT+0000 (GMT): GET /css/main.css
Wed Jan 23 2019 14:46:34 GMT+0000 (GMT): GET /images/logo2016v2.png
Wed Jan 23 2019 14:46:34 GMT+0000 (GMT): GET /favicon.ico
Wed Jan 23 2019 14:46:37 GMT+0000 (GMT): GET /list
Wed Jan 23 2019 14:46:37 GMT+0000 (GMT): GET /css/main.css
Wed Jan 23 2019 14:46:37 GMT+0000 (GMT): GET /images/logo2016v2.png
Wed Jan 23 2019 14:46:37 GMT+0000 (GMT): GET /favicon.ico
Wed Jan 23 2019 14:46:39 GMT+0000 (GMT): POST /remove/team/5c484c7a321598031a80806c
Wed Jan 23 2019 14:46:39 GMT+0000 (GMT): GET /css/main.css
Wed Jan 23 2019 14:46:39 GMT+0000 (GMT): GET /images/logo2016v2.png
Wed Jan 23 2019 14:46:39 GMT+0000 (GMT): GET /favicon.ico
Wed Jan 23 2019 14:46:42 GMT+0000 (GMT): GET /list
Wed Jan 23 2019 14:46:42 GMT+0000 (GMT): GET /css/main.css
Wed Jan 23 2019 14:46:42 GMT+0000 (GMT): GET /images/logo2016v2.png
Wed Jan 23 2019 14:46:42 GMT+0000 (GMT): GET /favicon.ico
Wed Jan 23 2019 14:46:47 GMT+0000 (GMT): GET /team/5c487dc78cc0a607a4b111b5
Wed Jan 23 2019 14:46:47 GMT+0000 (GMT): GET /favicon.ico
Wed Jan 23 2019 14:47:00 GMT+0000 (GMT): GET /team/5c483cf35cc35801f0d83640
Wed Jan 23 2019 14:47:01 GMT+0000 (GMT): GET /team/5c483cf35cc35801f0d83640
Wed Jan 23 2019 14:47:02 GMT+0000 (GMT): GET /team/5c483cf35cc35801f0d83640
Wed Jan 23 2019 14:47:03 GMT+0000 (GMT): GET /team/5c483cf35cc35801f0d83640
Wed Jan 23 2019 14:47:04 GMT+0000 (GMT): GET /team/5c483cf35cc35801f0d83640
Wed Jan 23 2019 14:47:05 GMT+0000 (GMT): GET /team/5c483cf35cc35801f0d83640
Wed Jan 23 2019 14:47:06 GMT+0000 (GMT): GET /team/5c483cf35cc35801f0d83640
Wed Jan 23 2019 14:47:07 GMT+0000 (GMT): GET /team/5c483cf35cc35801f0d83640
Wed Jan 23 2019 14:47:08 GMT+0000 (GMT): GET /team/5c483cf35cc35801f0d83640
Wed Jan 23 2019 14:47:09 GMT+0000 (GMT): GET /team/5c487dc78cc0a607a4b111b5
Wed Jan 23 2019 14:47:10 GMT+0000 (GMT): GET /team/5c487dc78cc0a607a4b111b5
Wed Jan 23 2019 14:47:11 GMT+0000 (GMT): GET /team/5c487dc78cc0a607a4b111b5
Wed Jan 23 2019 14:47:12 GMT+0000 (GMT): GET /team/5c487dc78cc0a607a4b111b5
Wed Jan 23 2019 14:47:13 GMT+0000 (GMT): GET /team/5c487dc78cc0a607a4b111b5
Wed Jan 23 2019 14:47:14 GMT+0000 (GMT): GET /team/5c487dc78cc0a607a4b111b5
Wed Jan 23 2019 14:47:15 GMT+0000 (GMT): GET /team/5c487dc78cc0a607a4b111b5
Wed Jan 23 2019 14:47:16 GMT+0000 (GMT): GET /team/5c487dc78cc0a607a4b111b5
Wed Jan 23 2019 14:47:17 GMT+0000 (GMT): GET /team/5c487dc78cc0a607a4b111b5
Wed Jan 23 2019 14:47:18 GMT+0000 (GMT): GET /team/5c487dc78cc0a607a4b111b5
Wed Jan 23 2019 14:47:19 GMT+0000 (GMT): GET /team/5c487dc78cc0a607a4b111b5
Wed Jan 23 2019 14:47:20 GMT+0000 (GMT): GET /team/5c487dc78cc0a607a4b111b5
Wed Jan 23 2019 14:47:21 GMT+0000 (GMT): GET /team/5c487dc78cc0a607a4b111b5
Wed Jan 23 2019 14:47:22 GMT+0000 (GMT): GET /team/5c487dc78cc0a607a4b111b5
Wed Jan 23 2019 14:47:23 GMT+0000 (GMT): GET /team/5c487dc78cc0a607a4b111b5
Wed Jan 23 2019 14:47:24 GMT+0000 (GMT): GET /team/5c487dc78cc0a607a4b111b5
Wed Jan 23 2019 14:47:25 GMT+0000 (GMT): GET /team/5c487dc78cc0a607a4b111b5
Wed Jan 23 2019 14:47:26 GMT+0000 (GMT): GET /team/5c487dc78cc0a607a4b111b5
Wed Jan 23 2019 14:47:27 GMT+0000 (GMT): GET /team/5c487dc78cc0a607a4b111b5
Wed Jan 23 2019 14:47:28 GMT+0000 (GMT): GET /team/5c487dc78cc0a607a4b111b5
Wed Jan 23 2019 14:47:29 GMT+0000 (GMT): GET /team/5c487dc78cc0a607a4b111b5
Wed Jan 23 2019 14:47:30 GMT+0000 (GMT): GET /team/5c487dc78cc0a607a4b111b5
Wed Jan 23 2019 14:47:31 GMT+0000 (GMT): GET /team/5c487dc78cc0a607a4b111b5
Wed Jan 23 2019 14:47:32 GMT+0000 (GMT): GET /team/5c487dc78cc0a607a4b111b5
Wed Jan 23 2019 14:47:33 GMT+0000 (GMT): GET /team/5c487dc78cc0a607a4b111b5
Wed Jan 23 2019 14:47:34 GMT+0000 (GMT): GET /team/5c487dc78cc0a607a4b111b5
Wed Jan 23 2019 14:47:35 GMT+0000 (GMT): GET /team/5c487dc78cc0a607a4b111b5
Wed Jan 23 2019 14:47:36 GMT+0000 (GMT): GET /team/5c487dc78cc0a607a4b111b5
Wed Jan 23 2019 14:47:37 GMT+0000 (GMT): GET /team/5c487dc78cc0a607a4b111b5
Wed Jan 23 2019 14:47:38 GMT+0000 (GMT): GET /team/5c487dc78cc0a607a4b111b5
Wed Jan 23 2019 14:47:39 GMT+0000 (GMT): GET /team/5c487dc78cc0a607a4b111b5
Wed Jan 23 2019 14:47:40 GMT+0000 (GMT): GET /team/5c487dc78cc0a607a4b111b5
Wed Jan 23 2019 14:47:41 GMT+0000 (GMT): GET /team/5c487dc78cc0a607a4b111b5
Wed Jan 23 2019 14:47:42 GMT+0000 (GMT): GET /team/5c487dc78cc0a607a4b111b5
Wed Jan 23 2019 14:47:43 GMT+0000 (GMT): GET /team/5c487dc78cc0a607a4b111b5
Wed Jan 23 2019 14:47:44 GMT+0000 (GMT): GET /team/5c487dc78cc0a607a4b111b5
Wed Jan 23 2019 14:47:45 GMT+0000 (GMT): GET /team/5c487dc78cc0a607a4b111b5
Wed Jan 23 2019 14:47:46 GMT+0000 (GMT): GET /team/5c487dc78cc0a607a4b111b5
Wed Jan 23 2019 14:47:47 GMT+0000 (GMT): GET /team/5c487dc78cc0a607a4b111b5
Wed Jan 23 2019 14:47:48 GMT+0000 (GMT): GET /team/5c487dc78cc0a607a4b111b5
Wed Jan 23 2019 14:47:49 GMT+0000 (GMT): GET /team/5c487dc78cc0a607a4b111b5
Wed Jan 23 2019 14:47:50 GMT+0000 (GMT): GET /team/5c487dc78cc0a607a4b111b5
Wed Jan 23 2019 14:47:51 GMT+0000 (GMT): GET /team/5c487dc78cc0a607a4b111b5
Wed Jan 23 2019 14:47:52 GMT+0000 (GMT): GET /team/5c487dc78cc0a607a4b111b5
Wed Jan 23 2019 14:47:53 GMT+0000 (GMT): GET /team/5c487dc78cc0a607a4b111b5
Wed Jan 23 2019 14:47:54 GMT+0000 (GMT): GET /team/5c487dc78cc0a607a4b111b5
Wed Jan 23 2019 14:47:55 GMT+0000 (GMT): GET /team/5c487dc78cc0a607a4b111b5
Wed Jan 23 2019 14:47:56 GMT+0000 (GMT): GET /team/5c487dc78cc0a607a4b111b5
Wed Jan 23 2019 14:47:57 GMT+0000 (GMT): GET /team/5c487dc78cc0a607a4b111b5
Wed Jan 23 2019 14:47:58 GMT+0000 (GMT): GET /team/5c487dc78cc0a607a4b111b5
Wed Jan 23 2019 14:47:59 GMT+0000 (GMT): GET /team/5c487dc78cc0a607a4b111b5
Wed Jan 23 2019 14:48:00 GMT+0000 (GMT): GET /team/5c487dc78cc0a607a4b111b5
Wed Jan 23 2019 14:48:01 GMT+0000 (GMT): GET /team/5c487dc78cc0a607a4b111b5
Wed Jan 23 2019 14:48:02 GMT+0000 (GMT): GET /team/5c487dc78cc0a607a4b111b5
Wed Jan 23 2019 14:48:03 GMT+0000 (GMT): GET /team/5c487dc78cc0a607a4b111b5
Wed Jan 23 2019 14:48:04 GMT+0000 (GMT): GET /team/5c487dc78cc0a607a4b111b5
Wed Jan 23 2019 14:48:05 GMT+0000 (GMT): GET /team/5c487dc78cc0a607a4b111b5
Wed Jan 23 2019 14:48:06 GMT+0000 (GMT): GET /team/5c487dc78cc0a607a4b111b5
Wed Jan 23 2019 14:48:07 GMT+0000 (GMT): GET /team/5c487dc78cc0a607a4b111b5
Wed Jan 23 2019 14:48:08 GMT+0000 (GMT): GET /team/5c487dc78cc0a607a4b111b5
Wed Jan 23 2019 14:48:09 GMT+0000 (GMT): GET /team/5c487dc78cc0a607a4b111b5
Wed Jan 23 2019 14:48:10 GMT+0000 (GMT): GET /team/5c487dc78cc0a607a4b111b5
Wed Jan 23 2019 14:48:11 GMT+0000 (GMT): GET /team/5c487dc78cc0a607a4b111b5
Wed Jan 23 2019 14:48:12 GMT+0000 (GMT): GET /team/5c487dc78cc0a607a4b111b5
Wed Jan 23 2019 14:48:13 GMT+0000 (GMT): GET /team/5c487dc78cc0a607a4b111b5
Wed Jan 23 2019 14:48:14 GMT+0000 (GMT): GET /team/5c487dc78cc0a607a4b111b5
Wed Jan 23 2019 14:48:15 GMT+0000 (GMT): GET /team/5c487dc78cc0a607a4b111b5
Wed Jan 23 2019 14:48:16 GMT+0000 (GMT): GET /team/5c487dc78cc0a607a4b111b5
Wed Jan 23 2019 14:48:17 GMT+0000 (GMT): GET /team/5c487dc78cc0a607a4b111b5
Wed Jan 23 2019 14:48:18 GMT+0000 (GMT): GET /team/5c487dc78cc0a607a4b111b5
Wed Jan 23 2019 14:48:19 GMT+0000 (GMT): GET /team/5c487dc78cc0a607a4b111b5
Wed Jan 23 2019 14:48:20 GMT+0000 (GMT): GET /team/5c487dc78cc0a607a4b111b5
Wed Jan 23 2019 14:48:21 GMT+0000 (GMT): GET /team/5c487dc78cc0a607a4b111b5
Wed Jan 23 2019 14:48:22 GMT+0000 (GMT): GET /team/5c487dc78cc0a607a4b111b5
Wed Jan 23 2019 14:48:23 GMT+0000 (GMT): GET /team/5c487dc78cc0a607a4b111b5
Wed Jan 23 2019 14:48:24 GMT+0000 (GMT): GET /team/5c487dc78cc0a607a4b111b5
Wed Jan 23 2019 14:48:25 GMT+0000 (GMT): GET /team/5c487dc78cc0a607a4b111b5
Wed Jan 23 2019 14:48:26 GMT+0000 (GMT): GET /team/5c487dc78cc0a607a4b111b5
Wed Jan 23 2019 14:48:27 GMT+0000 (GMT): GET /team/5c487dc78cc0a607a4b111b5
Wed Jan 23 2019 14:48:28 GMT+0000 (GMT): GET /team/5c487dc78cc0a607a4b111b5
Wed Jan 23 2019 14:48:29 GMT+0000 (GMT): GET /team/5c487dc78cc0a607a4b111b5
Wed Jan 23 2019 14:48:30 GMT+0000 (GMT): GET /team/5c487dc78cc0a607a4b111b5
Wed Jan 23 2019 14:48:31 GMT+0000 (GMT): GET /team/5c487dc78cc0a607a4b111b5
Wed Jan 23 2019 14:48:32 GMT+0000 (GMT): GET /team/5c487dc78cc0a607a4b111b5
Wed Jan 23 2019 14:48:33 GMT+0000 (GMT): GET /team/5c487dc78cc0a607a4b111b5
Wed Jan 23 2019 14:48:34 GMT+0000 (GMT): GET /team/5c487dc78cc0a607a4b111b5
Wed Jan 23 2019 14:48:35 GMT+0000 (GMT): GET /team/5c487dc78cc0a607a4b111b5
Wed Jan 23 2019 14:48:36 GMT+0000 (GMT): GET /team/5c487dc78cc0a607a4b111b5
Wed Jan 23 2019 14:48:37 GMT+0000 (GMT): GET /team/5c487dc78cc0a607a4b111b5
Wed Jan 23 2019 14:48:38 GMT+0000 (GMT): GET /team/5c487dc78cc0a607a4b111b5
Wed Jan 23 2019 14:48:39 GMT+0000 (GMT): GET /team/5c487dc78cc0a607a4b111b5
Wed Jan 23 2019 14:48:40 GMT+0000 (GMT): GET /team/5c487dc78cc0a607a4b111b5
Wed Jan 23 2019 14:48:41 GMT+0000 (GMT): GET /team/5c487dc78cc0a607a4b111b5
Wed Jan 23 2019 14:48:42 GMT+0000 (GMT): GET /team/5c487dc78cc0a607a4b111b5
Wed Jan 23 2019 14:48:43 GMT+0000 (GMT): GET /team/5c487dc78cc0a607a4b111b5
Wed Jan 23 2019 14:48:44 GMT+0000 (GMT): GET /team/5c487dc78cc0a607a4b111b5
Wed Jan 23 2019 14:48:45 GMT+0000 (GMT): GET /team/5c487dc78cc0a607a4b111b5
Wed Jan 23 2019 14:48:46 GMT+0000 (GMT): GET /team/5c487dc78cc0a607a4b111b5
Wed Jan 23 2019 14:48:47 GMT+0000 (GMT): GET /team/5c487dc78cc0a607a4b111b5
Wed Jan 23 2019 14:48:48 GMT+0000 (GMT): GET /team/5c487dc78cc0a607a4b111b5
Wed Jan 23 2019 14:48:49 GMT+0000 (GMT): GET /team/5c487dc78cc0a607a4b111b5
Wed Jan 23 2019 14:48:50 GMT+0000 (GMT): GET /team/5c487dc78cc0a607a4b111b5
Wed Jan 23 2019 14:48:51 GMT+0000 (GMT): GET /team/5c487dc78cc0a607a4b111b5
Wed Jan 23 2019 14:48:52 GMT+0000 (GMT): GET /team/5c487dc78cc0a607a4b111b5
Wed Jan 23 2019 14:48:53 GMT+0000 (GMT): GET /team/5c487dc78cc0a607a4b111b5
Wed Jan 23 2019 14:48:54 GMT+0000 (GMT): GET /team/5c487dc78cc0a607a4b111b5
Wed Jan 23 2019 14:48:55 GMT+0000 (GMT): GET /team/5c487dc78cc0a607a4b111b5
Wed Jan 23 2019 14:48:56 GMT+0000 (GMT): GET /team/5c487dc78cc0a607a4b111b5
Wed Jan 23 2019 14:48:57 GMT+0000 (GMT): GET /team/5c487dc78cc0a607a4b111b5
Wed Jan 23 2019 14:48:58 GMT+0000 (GMT): GET /team/5c487dc78cc0a607a4b111b5
Wed Jan 23 2019 14:48:59 GMT+0000 (GMT): GET /team/5c487dc78cc0a607a4b111b5
Wed Jan 23 2019 14:49:00 GMT+0000 (GMT): GET /team/5c487dc78cc0a607a4b111b5
Wed Jan 23 2019 14:49:01 GMT+0000 (GMT): GET /team/5c487dc78cc0a607a4b111b5
Wed Jan 23 2019 14:49:02 GMT+0000 (GMT): GET /team/5c487dc78cc0a607a4b111b5
Wed Jan 23 2019 14:49:03 GMT+0000 (GMT): GET /team/5c487dc78cc0a607a4b111b5
Wed Jan 23 2019 14:49:04 GMT+0000 (GMT): GET /team/5c487dc78cc0a607a4b111b5
Wed Jan 23 2019 14:49:05 GMT+0000 (GMT): GET /team/5c487dc78cc0a607a4b111b5
Wed Jan 23 2019 14:49:06 GMT+0000 (GMT): GET /team/5c487dc78cc0a607a4b111b5
Wed Jan 23 2019 14:49:07 GMT+0000 (GMT): GET /team/5c487dc78cc0a607a4b111b5
Wed Jan 23 2019 14:49:08 GMT+0000 (GMT): GET /team/5c487dc78cc0a607a4b111b5
Wed Jan 23 2019 14:49:09 GMT+0000 (GMT): GET /team/5c487dc78cc0a607a4b111b5
Wed Jan 23 2019 14:49:10 GMT+0000 (GMT): GET /team/5c487dc78cc0a607a4b111b5
Wed Jan 23 2019 14:49:11 GMT+0000 (GMT): GET /team/5c487dc78cc0a607a4b111b5
Wed Jan 23 2019 14:49:12 GMT+0000 (GMT): GET /team/5c487dc78cc0a607a4b111b5
Wed Jan 23 2019 14:49:13 GMT+0000 (GMT): GET /team/5c487dc78cc0a607a4b111b5
Wed Jan 23 2019 14:49:14 GMT+0000 (GMT): GET /team/5c487dc78cc0a607a4b111b5
Wed Jan 23 2019 14:49:15 GMT+0000 (GMT): GET /team/5c487dc78cc0a607a4b111b5
Wed Jan 23 2019 14:49:16 GMT+0000 (GMT): GET /team/5c487dc78cc0a607a4b111b5
Wed Jan 23 2019 14:49:17 GMT+0000 (GMT): GET /team/5c487dc78cc0a607a4b111b5
Wed Jan 23 2019 14:49:18 GMT+0000 (GMT): GET /team/5c487dc78cc0a607a4b111b5
Wed Jan 23 2019 14:49:19 GMT+0000 (GMT): GET /team/5c487dc78cc0a607a4b111b5
Wed Jan 23 2019 14:49:20 GMT+0000 (GMT): GET /team/5c487dc78cc0a607a4b111b5
Wed Jan 23 2019 14:49:21 GMT+0000 (GMT): GET /team/5c487dc78cc0a607a4b111b5
Wed Jan 23 2019 14:49:22 GMT+0000 (GMT): GET /team/5c487dc78cc0a607a4b111b5
Wed Jan 23 2019 14:49:23 GMT+0000 (GMT): GET /team/5c487dc78cc0a607a4b111b5
Wed Jan 23 2019 14:49:24 GMT+0000 (GMT): GET /team/5c487dc78cc0a607a4b111b5
Wed Jan 23 2019 14:49:25 GMT+0000 (GMT): GET /team/5c487dc78cc0a607a4b111b5
Wed Jan 23 2019 14:49:26 GMT+0000 (GMT): GET /team/5c487dc78cc0a607a4b111b5
Wed Jan 23 2019 14:49:27 GMT+0000 (GMT): GET /team/5c487dc78cc0a607a4b111b5
Wed Jan 23 2019 14:49:28 GMT+0000 (GMT): GET /team/5c487dc78cc0a607a4b111b5
Wed Jan 23 2019 14:49:29 GMT+0000 (GMT): GET /team/5c487dc78cc0a607a4b111b5
Wed Jan 23 2019 14:49:30 GMT+0000 (GMT): GET /team/5c487dc78cc0a607a4b111b5
Wed Jan 23 2019 14:49:31 GMT+0000 (GMT): GET /team/5c487dc78cc0a607a4b111b5
Wed Jan 23 2019 14:49:32 GMT+0000 (GMT): GET /team/5c487dc78cc0a607a4b111b5
Wed Jan 23 2019 14:49:33 GMT+0000 (GMT): GET /team/5c487dc78cc0a607a4b111b5
Wed Jan 23 2019 14:49:34 GMT+0000 (GMT): GET /team/5c487dc78cc0a607a4b111b5
Wed Jan 23 2019 14:49:35 GMT+0000 (GMT): GET /team/5c487dc78cc0a607a4b111b5
Wed Jan 23 2019 14:49:36 GMT+0000 (GMT): GET /team/5c487dc78cc0a607a4b111b5
Wed Jan 23 2019 14:49:37 GMT+0000 (GMT): GET /team/5c487dc78cc0a607a4b111b5
Wed Jan 23 2019 14:49:38 GMT+0000 (GMT): GET /team/5c487dc78cc0a607a4b111b5
Wed Jan 23 2019 14:49:39 GMT+0000 (GMT): GET /team/5c487dc78cc0a607a4b111b5
Wed Jan 23 2019 14:49:40 GMT+0000 (GMT): GET /team/5c487dc78cc0a607a4b111b5
Wed Jan 23 2019 14:49:41 GMT+0000 (GMT): GET /team/5c487dc78cc0a607a4b111b5
Wed Jan 23 2019 14:49:42 GMT+0000 (GMT): GET /team/5c487dc78cc0a607a4b111b5
Wed Jan 23 2019 14:49:43 GMT+0000 (GMT): GET /team/5c487dc78cc0a607a4b111b5
Wed Jan 23 2019 14:49:44 GMT+0000 (GMT): GET /team/5c487dc78cc0a607a4b111b5
Wed Jan 23 2019 14:49:45 GMT+0000 (GMT): GET /team/5c487dc78cc0a607a4b111b5
Wed Jan 23 2019 14:49:46 GMT+0000 (GMT): GET /team/5c487dc78cc0a607a4b111b5
Wed Jan 23 2019 14:49:47 GMT+0000 (GMT): GET /team/5c487dc78cc0a607a4b111b5
Wed Jan 23 2019 14:49:48 GMT+0000 (GMT): GET /team/5c487dc78cc0a607a4b111b5
Wed Jan 23 2019 14:49:49 GMT+0000 (GMT): GET /team/5c487dc78cc0a607a4b111b5
Wed Jan 23 2019 14:49:50 GMT+0000 (GMT): GET /team/5c487dc78cc0a607a4b111b5
Wed Jan 23 2019 14:49:51 GMT+0000 (GMT): GET /team/5c487dc78cc0a607a4b111b5
Wed Jan 23 2019 14:49:52 GMT+0000 (GMT): GET /team/5c487dc78cc0a607a4b111b5
Wed Jan 23 2019 14:49:53 GMT+0000 (GMT): GET /team/5c487dc78cc0a607a4b111b5
Wed Jan 23 2019 14:49:54 GMT+0000 (GMT): GET /team/5c487dc78cc0a607a4b111b5
Wed Jan 23 2019 14:49:55 GMT+0000 (GMT): GET /team/5c487dc78cc0a607a4b111b5
Wed Jan 23 2019 14:49:56 GMT+0000 (GMT): GET /team/5c487dc78cc0a607a4b111b5
Wed Jan 23 2019 14:49:57 GMT+0000 (GMT): GET /team/5c487dc78cc0a607a4b111b5
Wed Jan 23 2019 14:49:58 GMT+0000 (GMT): GET /team/5c487dc78cc0a607a4b111b5
Wed Jan 23 2019 14:49:59 GMT+0000 (GMT): GET /team/5c487dc78cc0a607a4b111b5
Wed Jan 23 2019 14:50:00 GMT+0000 (GMT): GET /team/5c487dc78cc0a607a4b111b5
Wed Jan 23 2019 14:50:01 GMT+0000 (GMT): GET /team/5c487dc78cc0a607a4b111b5
Wed Jan 23 2019 14:50:05 GMT+0000 (GMT): GET /team/5c487dc78cc0a607a4b111b5
Wed Jan 23 2019 14:50:08 GMT+0000 (GMT): GET /team/5c487dc78cc0a607a4b111b5
Wed Jan 23 2019 14:50:09 GMT+0000 (GMT): GET /team/5c487dc78cc0a607a4b111b5
Wed Jan 23 2019 14:50:10 GMT+0000 (GMT): GET /team/5c487dc78cc0a607a4b111b5
Wed Jan 23 2019 14:50:11 GMT+0000 (GMT): GET /team/5c487dc78cc0a607a4b111b5
Wed Jan 23 2019 14:50:12 GMT+0000 (GMT): GET /team/5c487dc78cc0a607a4b111b5
Wed Jan 23 2019 14:50:13 GMT+0000 (GMT): GET /team/5c487dc78cc0a607a4b111b5
Wed Jan 23 2019 14:50:14 GMT+0000 (GMT): GET /team/5c487dc78cc0a607a4b111b5
Wed Jan 23 2019 14:50:15 GMT+0000 (GMT): GET /team/5c487dc78cc0a607a4b111b5
Wed Jan 23 2019 14:50:16 GMT+0000 (GMT): GET /team/5c487dc78cc0a607a4b111b5
Wed Jan 23 2019 14:50:17 GMT+0000 (GMT): GET /team/5c487dc78cc0a607a4b111b5
Wed Jan 23 2019 14:50:18 GMT+0000 (GMT): GET /team/5c487dc78cc0a607a4b111b5
Wed Jan 23 2019 14:50:19 GMT+0000 (GMT): GET /team/5c487dc78cc0a607a4b111b5
Wed Jan 23 2019 14:50:20 GMT+0000 (GMT): GET /team/5c487dc78cc0a607a4b111b5
Wed Jan 23 2019 14:50:21 GMT+0000 (GMT): GET /team/5c487dc78cc0a607a4b111b5
Wed Jan 23 2019 14:50:22 GMT+0000 (GMT): GET /team/5c487dc78cc0a607a4b111b5
Wed Jan 23 2019 14:50:23 GMT+0000 (GMT): GET /team/5c487dc78cc0a607a4b111b5
Wed Jan 23 2019 14:50:24 GMT+0000 (GMT): GET /team/5c487dc78cc0a607a4b111b5
Wed Jan 23 2019 14:50:25 GMT+0000 (GMT): GET /team/5c487dc78cc0a607a4b111b5
Wed Jan 23 2019 14:50:26 GMT+0000 (GMT): GET /team/5c487dc78cc0a607a4b111b5
Wed Jan 23 2019 14:50:27 GMT+0000 (GMT): GET /team/5c487dc78cc0a607a4b111b5
Wed Jan 23 2019 14:50:28 GMT+0000 (GMT): GET /team/5c487dc78cc0a607a4b111b5
Wed Jan 23 2019 14:50:29 GMT+0000 (GMT): GET /team/5c487dc78cc0a607a4b111b5
Wed Jan 23 2019 14:50:30 GMT+0000 (GMT): GET /team/5c487dc78cc0a607a4b111b5
Wed Jan 23 2019 14:50:31 GMT+0000 (GMT): GET /team/5c487dc78cc0a607a4b111b5
Wed Jan 23 2019 14:50:32 GMT+0000 (GMT): GET /team/5c487dc78cc0a607a4b111b5
Wed Jan 23 2019 14:50:33 GMT+0000 (GMT): GET /team/5c487dc78cc0a607a4b111b5
Wed Jan 23 2019 14:50:34 GMT+0000 (GMT): GET /team/5c487dc78cc0a607a4b111b5
Wed Jan 23 2019 14:50:35 GMT+0000 (GMT): GET /team/5c487dc78cc0a607a4b111b5
Wed Jan 23 2019 14:50:36 GMT+0000 (GMT): GET /team/5c487dc78cc0a607a4b111b5
Wed Jan 23 2019 14:50:37 GMT+0000 (GMT): GET /team/5c487dc78cc0a607a4b111b5
Wed Jan 23 2019 14:50:38 GMT+0000 (GMT): GET /team/5c487dc78cc0a607a4b111b5
Wed Jan 23 2019 14:50:39 GMT+0000 (GMT): GET /team/5c487dc78cc0a607a4b111b5
Wed Jan 23 2019 14:50:40 GMT+0000 (GMT): GET /team/5c487dc78cc0a607a4b111b5
Wed Jan 23 2019 14:50:41 GMT+0000 (GMT): GET /team/5c487dc78cc0a607a4b111b5
Wed Jan 23 2019 14:50:42 GMT+0000 (GMT): GET /team/5c487dc78cc0a607a4b111b5
Wed Jan 23 2019 14:50:43 GMT+0000 (GMT): GET /team/5c487dc78cc0a607a4b111b5
Wed Jan 23 2019 14:50:44 GMT+0000 (GMT): GET /team/5c487dc78cc0a607a4b111b5
Wed Jan 23 2019 14:50:45 GMT+0000 (GMT): GET /team/5c487dc78cc0a607a4b111b5
Wed Jan 23 2019 14:50:46 GMT+0000 (GMT): GET /team/5c487dc78cc0a607a4b111b5
Wed Jan 23 2019 14:50:47 GMT+0000 (GMT): GET /team/5c487dc78cc0a607a4b111b5
Wed Jan 23 2019 14:50:48 GMT+0000 (GMT): GET /team/5c487dc78cc0a607a4b111b5
Wed Jan 23 2019 14:50:49 GMT+0000 (GMT): GET /team/5c487dc78cc0a607a4b111b5
Wed Jan 23 2019 14:50:50 GMT+0000 (GMT): GET /team/5c487dc78cc0a607a4b111b5
Wed Jan 23 2019 14:50:51 GMT+0000 (GMT): GET /team/5c487dc78cc0a607a4b111b5
Wed Jan 23 2019 14:50:52 GMT+0000 (GMT): GET /team/5c487dc78cc0a607a4b111b5
Wed Jan 23 2019 14:50:53 GMT+0000 (GMT): GET /team/5c487dc78cc0a607a4b111b5
Wed Jan 23 2019 14:50:54 GMT+0000 (GMT): GET /team/5c487dc78cc0a607a4b111b5
Wed Jan 23 2019 14:50:55 GMT+0000 (GMT): GET /team/5c487dc78cc0a607a4b111b5
Wed Jan 23 2019 14:50:56 GMT+0000 (GMT): GET /team/5c487dc78cc0a607a4b111b5
Wed Jan 23 2019 14:50:57 GMT+0000 (GMT): GET /team/5c487dc78cc0a607a4b111b5
Wed Jan 23 2019 14:50:58 GMT+0000 (GMT): GET /team/5c487dc78cc0a607a4b111b5
Wed Jan 23 2019 14:50:59 GMT+0000 (GMT): GET /team/5c487dc78cc0a607a4b111b5
Wed Jan 23 2019 14:51:00 GMT+0000 (GMT): GET /team/5c487dc78cc0a607a4b111b5
Wed Jan 23 2019 14:51:01 GMT+0000 (GMT): GET /team/5c487dc78cc0a607a4b111b5
Wed Jan 23 2019 14:51:02 GMT+0000 (GMT): GET /team/5c487dc78cc0a607a4b111b5
Wed Jan 23 2019 14:51:03 GMT+0000 (GMT): GET /team/5c487dc78cc0a607a4b111b5
Wed Jan 23 2019 14:51:04 GMT+0000 (GMT): GET /team/5c487dc78cc0a607a4b111b5
Wed Jan 23 2019 14:51:05 GMT+0000 (GMT): GET /team/5c487dc78cc0a607a4b111b5
Wed Jan 23 2019 14:51:06 GMT+0000 (GMT): GET /team/5c487dc78cc0a607a4b111b5
Wed Jan 23 2019 14:51:07 GMT+0000 (GMT): GET /team/5c487dc78cc0a607a4b111b5
Wed Jan 23 2019 14:51:08 GMT+0000 (GMT): GET /team/5c487dc78cc0a607a4b111b5
Wed Jan 23 2019 14:51:09 GMT+0000 (GMT): GET /team/5c487dc78cc0a607a4b111b5
Wed Jan 23 2019 14:51:10 GMT+0000 (GMT): GET /team/5c487dc78cc0a607a4b111b5
Wed Jan 23 2019 14:51:11 GMT+0000 (GMT): GET /team/5c487dc78cc0a607a4b111b5
Wed Jan 23 2019 14:51:12 GMT+0000 (GMT): GET /team/5c487dc78cc0a607a4b111b5
Wed Jan 23 2019 14:51:13 GMT+0000 (GMT): GET /team/5c487dc78cc0a607a4b111b5
Wed Jan 23 2019 14:51:14 GMT+0000 (GMT): GET /team/5c487dc78cc0a607a4b111b5
Wed Jan 23 2019 14:51:15 GMT+0000 (GMT): GET /team/5c487dc78cc0a607a4b111b5
Wed Jan 23 2019 14:51:16 GMT+0000 (GMT): GET /team/5c487dc78cc0a607a4b111b5
Wed Jan 23 2019 14:51:17 GMT+0000 (GMT): GET /team/5c487dc78cc0a607a4b111b5
Wed Jan 23 2019 14:51:18 GMT+0000 (GMT): GET /team/5c487dc78cc0a607a4b111b5
Wed Jan 23 2019 14:51:19 GMT+0000 (GMT): GET /team/5c487dc78cc0a607a4b111b5
Wed Jan 23 2019 14:51:20 GMT+0000 (GMT): GET /team/5c487dc78cc0a607a4b111b5
Wed Jan 23 2019 14:51:21 GMT+0000 (GMT): GET /team/5c487dc78cc0a607a4b111b5
Wed Jan 23 2019 14:51:22 GMT+0000 (GMT): GET /team/5c487dc78cc0a607a4b111b5
Wed Jan 23 2019 14:51:23 GMT+0000 (GMT): GET /team/5c487dc78cc0a607a4b111b5
Wed Jan 23 2019 14:51:24 GMT+0000 (GMT): GET /team/5c487dc78cc0a607a4b111b5
Wed Jan 23 2019 14:51:25 GMT+0000 (GMT): GET /team/5c487dc78cc0a607a4b111b5
Wed Jan 23 2019 14:51:26 GMT+0000 (GMT): GET /team/5c487dc78cc0a607a4b111b5
Wed Jan 23 2019 14:51:27 GMT+0000 (GMT): GET /team/5c487dc78cc0a607a4b111b5
Wed Jan 23 2019 14:51:28 GMT+0000 (GMT): GET /team/5c487dc78cc0a607a4b111b5
Wed Jan 23 2019 14:51:29 GMT+0000 (GMT): GET /team/5c487dc78cc0a607a4b111b5
Wed Jan 23 2019 14:51:30 GMT+0000 (GMT): GET /team/5c487dc78cc0a607a4b111b5
Wed Jan 23 2019 14:51:31 GMT+0000 (GMT): GET /team/5c487dc78cc0a607a4b111b5
Wed Jan 23 2019 14:51:32 GMT+0000 (GMT): GET /team/5c487dc78cc0a607a4b111b5
Wed Jan 23 2019 14:51:33 GMT+0000 (GMT): GET /team/5c487dc78cc0a607a4b111b5
Wed Jan 23 2019 14:51:34 GMT+0000 (GMT): GET /team/5c487dc78cc0a607a4b111b5
Wed Jan 23 2019 14:51:35 GMT+0000 (GMT): GET /team/5c487dc78cc0a607a4b111b5
Wed Jan 23 2019 14:51:36 GMT+0000 (GMT): GET /team/5c487dc78cc0a607a4b111b5
Wed Jan 23 2019 14:51:37 GMT+0000 (GMT): GET /team/5c487dc78cc0a607a4b111b5
Wed Jan 23 2019 14:51:38 GMT+0000 (GMT): GET /team/5c487dc78cc0a607a4b111b5
Wed Jan 23 2019 14:51:39 GMT+0000 (GMT): GET /team/5c487dc78cc0a607a4b111b5
Wed Jan 23 2019 14:51:40 GMT+0000 (GMT): GET /team/5c487dc78cc0a607a4b111b5
Wed Jan 23 2019 14:51:41 GMT+0000 (GMT): GET /team/5c487dc78cc0a607a4b111b5
Wed Jan 23 2019 14:51:42 GMT+0000 (GMT): GET /team/5c487dc78cc0a607a4b111b5
Wed Jan 23 2019 14:51:43 GMT+0000 (GMT): GET /team/5c487dc78cc0a607a4b111b5
Wed Jan 23 2019 14:51:44 GMT+0000 (GMT): GET /team/5c487dc78cc0a607a4b111b5
Wed Jan 23 2019 14:51:45 GMT+0000 (GMT): GET /team/5c487dc78cc0a607a4b111b5
Wed Jan 23 2019 14:51:46 GMT+0000 (GMT): GET /team/5c487dc78cc0a607a4b111b5
Wed Jan 23 2019 14:51:47 GMT+0000 (GMT): GET /team/5c487dc78cc0a607a4b111b5
Wed Jan 23 2019 14:51:48 GMT+0000 (GMT): GET /team/5c487dc78cc0a607a4b111b5
Wed Jan 23 2019 14:51:49 GMT+0000 (GMT): GET /team/5c487dc78cc0a607a4b111b5
Wed Jan 23 2019 14:51:50 GMT+0000 (GMT): GET /team/5c487dc78cc0a607a4b111b5
Wed Jan 23 2019 14:51:51 GMT+0000 (GMT): GET /team/5c487dc78cc0a607a4b111b5
Wed Jan 23 2019 14:51:52 GMT+0000 (GMT): GET /team/5c487dc78cc0a607a4b111b5
Wed Jan 23 2019 14:51:53 GMT+0000 (GMT): GET /team/5c487dc78cc0a607a4b111b5
Wed Jan 23 2019 14:51:54 GMT+0000 (GMT): GET /team/5c487dc78cc0a607a4b111b5
Wed Jan 23 2019 14:51:55 GMT+0000 (GMT): GET /team/5c487dc78cc0a607a4b111b5
Wed Jan 23 2019 14:51:56 GMT+0000 (GMT): GET /team/5c487dc78cc0a607a4b111b5
Wed Jan 23 2019 14:51:57 GMT+0000 (GMT): GET /team/5c487dc78cc0a607a4b111b5
Wed Jan 23 2019 14:51:58 GMT+0000 (GMT): GET /team/5c487dc78cc0a607a4b111b5
Wed Jan 23 2019 14:51:59 GMT+0000 (GMT): GET /team/5c487dc78cc0a607a4b111b5
Wed Jan 23 2019 14:52:00 GMT+0000 (GMT): GET /team/5c487dc78cc0a607a4b111b5
Wed Jan 23 2019 14:52:01 GMT+0000 (GMT): GET /team/5c487dc78cc0a607a4b111b5
Wed Jan 23 2019 14:52:02 GMT+0000 (GMT): GET /team/5c487dc78cc0a607a4b111b5
Wed Jan 23 2019 14:52:03 GMT+0000 (GMT): GET /team/5c487dc78cc0a607a4b111b5
Wed Jan 23 2019 14:52:04 GMT+0000 (GMT): GET /team/5c487dc78cc0a607a4b111b5
Wed Jan 23 2019 14:52:05 GMT+0000 (GMT): GET /team/5c487dc78cc0a607a4b111b5
Wed Jan 23 2019 14:52:06 GMT+0000 (GMT): GET /team/5c487dc78cc0a607a4b111b5
Wed Jan 23 2019 14:52:07 GMT+0000 (GMT): GET /team/5c487dc78cc0a607a4b111b5
Wed Jan 23 2019 14:52:08 GMT+0000 (GMT): GET /team/5c487dc78cc0a607a4b111b5
Wed Jan 23 2019 14:52:09 GMT+0000 (GMT): GET /team/5c487dc78cc0a607a4b111b5
Wed Jan 23 2019 14:52:10 GMT+0000 (GMT): GET /team/5c487dc78cc0a607a4b111b5
Wed Jan 23 2019 14:52:11 GMT+0000 (GMT): GET /team/5c487dc78cc0a607a4b111b5
Wed Jan 23 2019 14:52:12 GMT+0000 (GMT): GET /team/5c487dc78cc0a607a4b111b5
Wed Jan 23 2019 14:52:13 GMT+0000 (GMT): GET /team/5c487dc78cc0a607a4b111b5
Wed Jan 23 2019 14:52:14 GMT+0000 (GMT): GET /team/5c487dc78cc0a607a4b111b5
Wed Jan 23 2019 14:52:15 GMT+0000 (GMT): GET /team/5c487dc78cc0a607a4b111b5
Wed Jan 23 2019 14:52:16 GMT+0000 (GMT): GET /team/5c487dc78cc0a607a4b111b5
Wed Jan 23 2019 14:52:17 GMT+0000 (GMT): GET /team/5c487dc78cc0a607a4b111b5
Wed Jan 23 2019 14:52:18 GMT+0000 (GMT): GET /team/5c487dc78cc0a607a4b111b5
Wed Jan 23 2019 14:52:19 GMT+0000 (GMT): GET /team/5c487dc78cc0a607a4b111b5
Wed Jan 23 2019 14:52:20 GMT+0000 (GMT): GET /team/5c487dc78cc0a607a4b111b5
Wed Jan 23 2019 14:52:21 GMT+0000 (GMT): GET /team/5c487dc78cc0a607a4b111b5
Wed Jan 23 2019 14:52:22 GMT+0000 (GMT): GET /team/5c487dc78cc0a607a4b111b5
Wed Jan 23 2019 14:52:23 GMT+0000 (GMT): GET /team/5c487dc78cc0a607a4b111b5
Wed Jan 23 2019 14:52:24 GMT+0000 (GMT): GET /team/5c487dc78cc0a607a4b111b5
Wed Jan 23 2019 14:52:25 GMT+0000 (GMT): GET /team/5c487dc78cc0a607a4b111b5
Wed Jan 23 2019 14:52:26 GMT+0000 (GMT): GET /team/5c487dc78cc0a607a4b111b5
Wed Jan 23 2019 14:52:27 GMT+0000 (GMT): GET /team/5c487dc78cc0a607a4b111b5
Wed Jan 23 2019 14:52:28 GMT+0000 (GMT): GET /team/5c487dc78cc0a607a4b111b5
Wed Jan 23 2019 14:52:29 GMT+0000 (GMT): GET /team/5c487dc78cc0a607a4b111b5
Wed Jan 23 2019 14:52:30 GMT+0000 (GMT): GET /team/5c487dc78cc0a607a4b111b5
Wed Jan 23 2019 14:52:31 GMT+0000 (GMT): GET /team/5c487dc78cc0a607a4b111b5
Wed Jan 23 2019 14:52:32 GMT+0000 (GMT): GET /team/5c487dc78cc0a607a4b111b5
Wed Jan 23 2019 14:52:33 GMT+0000 (GMT): GET /team/5c487dc78cc0a607a4b111b5
Wed Jan 23 2019 14:52:34 GMT+0000 (GMT): GET /team/5c487dc78cc0a607a4b111b5
Wed Jan 23 2019 14:52:35 GMT+0000 (GMT): GET /team/5c487dc78cc0a607a4b111b5
Wed Jan 23 2019 14:52:36 GMT+0000 (GMT): GET /team/5c487dc78cc0a607a4b111b5
Wed Jan 23 2019 14:52:37 GMT+0000 (GMT): GET /team/5c487dc78cc0a607a4b111b5
Wed Jan 23 2019 14:52:38 GMT+0000 (GMT): GET /team/5c487dc78cc0a607a4b111b5
Wed Jan 23 2019 14:52:39 GMT+0000 (GMT): GET /team/5c487dc78cc0a607a4b111b5
Wed Jan 23 2019 14:52:40 GMT+0000 (GMT): GET /team/5c487dc78cc0a607a4b111b5
Wed Jan 23 2019 14:52:41 GMT+0000 (GMT): GET /team/5c487dc78cc0a607a4b111b5
Wed Jan 23 2019 14:52:42 GMT+0000 (GMT): GET /team/5c487dc78cc0a607a4b111b5
Wed Jan 23 2019 14:52:43 GMT+0000 (GMT): GET /team/5c487dc78cc0a607a4b111b5
Wed Jan 23 2019 14:52:44 GMT+0000 (GMT): GET /team/5c487dc78cc0a607a4b111b5
Wed Jan 23 2019 14:52:45 GMT+0000 (GMT): GET /team/5c487dc78cc0a607a4b111b5
Wed Jan 23 2019 14:52:46 GMT+0000 (GMT): GET /team/5c487dc78cc0a607a4b111b5
Wed Jan 23 2019 14:52:47 GMT+0000 (GMT): GET /team/5c487dc78cc0a607a4b111b5
Wed Jan 23 2019 14:52:48 GMT+0000 (GMT): GET /team/5c487dc78cc0a607a4b111b5
Wed Jan 23 2019 14:52:49 GMT+0000 (GMT): GET /team/5c487dc78cc0a607a4b111b5
Wed Jan 23 2019 14:52:50 GMT+0000 (GMT): GET /team/5c487dc78cc0a607a4b111b5
Wed Jan 23 2019 14:52:51 GMT+0000 (GMT): GET /team/5c487dc78cc0a607a4b111b5
Wed Jan 23 2019 14:52:52 GMT+0000 (GMT): GET /team/5c487dc78cc0a607a4b111b5
Wed Jan 23 2019 14:52:53 GMT+0000 (GMT): GET /team/5c487dc78cc0a607a4b111b5
Wed Jan 23 2019 14:52:54 GMT+0000 (GMT): GET /team/5c487dc78cc0a607a4b111b5
Wed Jan 23 2019 14:52:55 GMT+0000 (GMT): GET /team/5c487dc78cc0a607a4b111b5
Wed Jan 23 2019 14:52:56 GMT+0000 (GMT): GET /team/5c487dc78cc0a607a4b111b5
Wed Jan 23 2019 14:52:57 GMT+0000 (GMT): GET /team/5c487dc78cc0a607a4b111b5
Wed Jan 23 2019 14:52:58 GMT+0000 (GMT): GET /team/5c487dc78cc0a607a4b111b5
Wed Jan 23 2019 14:52:59 GMT+0000 (GMT): GET /team/5c487dc78cc0a607a4b111b5
Wed Jan 23 2019 14:53:00 GMT+0000 (GMT): GET /team/5c487dc78cc0a607a4b111b5
Wed Jan 23 2019 14:53:01 GMT+0000 (GMT): GET /team/5c487dc78cc0a607a4b111b5
Wed Jan 23 2019 14:53:02 GMT+0000 (GMT): GET /team/5c487dc78cc0a607a4b111b5
Wed Jan 23 2019 14:53:03 GMT+0000 (GMT): GET /team/5c487dc78cc0a607a4b111b5
Wed Jan 23 2019 14:53:04 GMT+0000 (GMT): GET /team/5c487dc78cc0a607a4b111b5
Wed Jan 23 2019 14:53:05 GMT+0000 (GMT): GET /team/5c487dc78cc0a607a4b111b5
Wed Jan 23 2019 14:53:06 GMT+0000 (GMT): GET /team/5c487dc78cc0a607a4b111b5
Wed Jan 23 2019 14:53:07 GMT+0000 (GMT): GET /team/5c487dc78cc0a607a4b111b5
Wed Jan 23 2019 14:53:08 GMT+0000 (GMT): GET /team/5c487dc78cc0a607a4b111b5
Wed Jan 23 2019 14:53:09 GMT+0000 (GMT): GET /team/5c487dc78cc0a607a4b111b5
Wed Jan 23 2019 14:53:10 GMT+0000 (GMT): GET /team/5c487dc78cc0a607a4b111b5
Wed Jan 23 2019 14:53:11 GMT+0000 (GMT): GET /team/5c487dc78cc0a607a4b111b5
Wed Jan 23 2019 14:53:12 GMT+0000 (GMT): GET /team/5c487dc78cc0a607a4b111b5
Wed Jan 23 2019 14:53:13 GMT+0000 (GMT): GET /team/5c487dc78cc0a607a4b111b5
Wed Jan 23 2019 14:53:14 GMT+0000 (GMT): GET /team/5c487dc78cc0a607a4b111b5
Wed Jan 23 2019 14:53:15 GMT+0000 (GMT): GET /team/5c487dc78cc0a607a4b111b5
Wed Jan 23 2019 14:53:16 GMT+0000 (GMT): GET /team/5c487dc78cc0a607a4b111b5
Wed Jan 23 2019 14:53:17 GMT+0000 (GMT): GET /team/5c487dc78cc0a607a4b111b5
Wed Jan 23 2019 14:53:18 GMT+0000 (GMT): GET /team/5c487dc78cc0a607a4b111b5
Wed Jan 23 2019 14:53:19 GMT+0000 (GMT): GET /team/5c487dc78cc0a607a4b111b5
Wed Jan 23 2019 14:53:20 GMT+0000 (GMT): GET /team/5c487dc78cc0a607a4b111b5
Wed Jan 23 2019 14:53:21 GMT+0000 (GMT): GET /team/5c487dc78cc0a607a4b111b5
Wed Jan 23 2019 14:53:22 GMT+0000 (GMT): GET /team/5c487dc78cc0a607a4b111b5
Wed Jan 23 2019 14:53:23 GMT+0000 (GMT): GET /team/5c487dc78cc0a607a4b111b5
Wed Jan 23 2019 14:53:24 GMT+0000 (GMT): GET /team/5c487dc78cc0a607a4b111b5
Wed Jan 23 2019 14:53:25 GMT+0000 (GMT): GET /team/5c487dc78cc0a607a4b111b5
Wed Jan 23 2019 14:53:26 GMT+0000 (GMT): GET /team/5c487dc78cc0a607a4b111b5
Wed Jan 23 2019 14:53:27 GMT+0000 (GMT): GET /team/5c487dc78cc0a607a4b111b5
Wed Jan 23 2019 14:53:28 GMT+0000 (GMT): GET /team/5c487dc78cc0a607a4b111b5
Wed Jan 23 2019 14:53:29 GMT+0000 (GMT): GET /team/5c487dc78cc0a607a4b111b5
Wed Jan 23 2019 14:53:30 GMT+0000 (GMT): GET /team/5c487dc78cc0a607a4b111b5
Wed Jan 23 2019 14:53:31 GMT+0000 (GMT): GET /team/5c487dc78cc0a607a4b111b5
Wed Jan 23 2019 14:53:32 GMT+0000 (GMT): GET /team/5c487dc78cc0a607a4b111b5
Wed Jan 23 2019 14:53:33 GMT+0000 (GMT): GET /team/5c487dc78cc0a607a4b111b5
Wed Jan 23 2019 14:53:34 GMT+0000 (GMT): GET /team/5c487dc78cc0a607a4b111b5
Wed Jan 23 2019 14:53:35 GMT+0000 (GMT): GET /team/5c487dc78cc0a607a4b111b5
Wed Jan 23 2019 14:53:36 GMT+0000 (GMT): GET /team/5c487dc78cc0a607a4b111b5
Wed Jan 23 2019 14:53:37 GMT+0000 (GMT): GET /team/5c487dc78cc0a607a4b111b5
Wed Jan 23 2019 14:53:38 GMT+0000 (GMT): GET /team/5c487dc78cc0a607a4b111b5
Wed Jan 23 2019 14:53:39 GMT+0000 (GMT): GET /team/5c487dc78cc0a607a4b111b5
Wed Jan 23 2019 14:53:40 GMT+0000 (GMT): GET /team/5c487dc78cc0a607a4b111b5
Wed Jan 23 2019 14:53:41 GMT+0000 (GMT): GET /team/5c487dc78cc0a607a4b111b5
Wed Jan 23 2019 14:53:42 GMT+0000 (GMT): GET /team/5c487dc78cc0a607a4b111b5
Wed Jan 23 2019 14:53:43 GMT+0000 (GMT): GET /team/5c487dc78cc0a607a4b111b5
Wed Jan 23 2019 14:53:44 GMT+0000 (GMT): GET /team/5c487dc78cc0a607a4b111b5
Wed Jan 23 2019 14:53:45 GMT+0000 (GMT): GET /team/5c487dc78cc0a607a4b111b5
Wed Jan 23 2019 14:53:46 GMT+0000 (GMT): GET /team/5c487dc78cc0a607a4b111b5
Wed Jan 23 2019 14:53:47 GMT+0000 (GMT): GET /team/5c487dc78cc0a607a4b111b5
Wed Jan 23 2019 14:53:48 GMT+0000 (GMT): GET /team/5c487dc78cc0a607a4b111b5
Wed Jan 23 2019 14:53:49 GMT+0000 (GMT): GET /team/5c487dc78cc0a607a4b111b5
Wed Jan 23 2019 14:53:50 GMT+0000 (GMT): GET /team/5c487dc78cc0a607a4b111b5
Wed Jan 23 2019 14:53:51 GMT+0000 (GMT): GET /team/5c487dc78cc0a607a4b111b5
Wed Jan 23 2019 14:53:52 GMT+0000 (GMT): GET /team/5c487dc78cc0a607a4b111b5
Wed Jan 23 2019 14:53:53 GMT+0000 (GMT): GET /team/5c487dc78cc0a607a4b111b5
Wed Jan 23 2019 14:53:54 GMT+0000 (GMT): GET /team/5c487dc78cc0a607a4b111b5
Wed Jan 23 2019 14:53:55 GMT+0000 (GMT): GET /team/5c487dc78cc0a607a4b111b5
Wed Jan 23 2019 14:53:56 GMT+0000 (GMT): GET /team/5c487dc78cc0a607a4b111b5
Wed Jan 23 2019 14:53:57 GMT+0000 (GMT): GET /team/5c487dc78cc0a607a4b111b5
Wed Jan 23 2019 14:53:58 GMT+0000 (GMT): GET /team/5c487dc78cc0a607a4b111b5
Wed Jan 23 2019 14:53:59 GMT+0000 (GMT): GET /team/5c487dc78cc0a607a4b111b5
Wed Jan 23 2019 14:54:00 GMT+0000 (GMT): GET /team/5c487dc78cc0a607a4b111b5
Wed Jan 23 2019 14:54:01 GMT+0000 (GMT): GET /team/5c487dc78cc0a607a4b111b5
Wed Jan 23 2019 14:54:02 GMT+0000 (GMT): GET /team/5c487dc78cc0a607a4b111b5
Wed Jan 23 2019 14:54:03 GMT+0000 (GMT): GET /team/5c487dc78cc0a607a4b111b5
Wed Jan 23 2019 14:54:04 GMT+0000 (GMT): GET /team/5c487dc78cc0a607a4b111b5
Wed Jan 23 2019 14:54:05 GMT+0000 (GMT): GET /team/5c487dc78cc0a607a4b111b5
Wed Jan 23 2019 14:54:06 GMT+0000 (GMT): GET /team/5c487dc78cc0a607a4b111b5
Wed Jan 23 2019 14:54:07 GMT+0000 (GMT): GET /team/5c487dc78cc0a607a4b111b5
Wed Jan 23 2019 14:54:08 GMT+0000 (GMT): GET /team/5c487dc78cc0a607a4b111b5
Wed Jan 23 2019 14:54:09 GMT+0000 (GMT): GET /team/5c487dc78cc0a607a4b111b5
Wed Jan 23 2019 14:54:10 GMT+0000 (GMT): GET /team/5c487dc78cc0a607a4b111b5
Wed Jan 23 2019 14:54:11 GMT+0000 (GMT): GET /team/5c487dc78cc0a607a4b111b5
Wed Jan 23 2019 14:54:12 GMT+0000 (GMT): GET /team/5c487dc78cc0a607a4b111b5
Wed Jan 23 2019 14:54:13 GMT+0000 (GMT): GET /team/5c487dc78cc0a607a4b111b5
Wed Jan 23 2019 14:54:14 GMT+0000 (GMT): GET /team/5c487dc78cc0a607a4b111b5
Wed Jan 23 2019 14:54:15 GMT+0000 (GMT): GET /team/5c487dc78cc0a607a4b111b5
Wed Jan 23 2019 14:54:16 GMT+0000 (GMT): GET /team/5c487dc78cc0a607a4b111b5
Wed Jan 23 2019 14:54:17 GMT+0000 (GMT): GET /team/5c487dc78cc0a607a4b111b5
Wed Jan 23 2019 14:54:18 GMT+0000 (GMT): GET /team/5c487dc78cc0a607a4b111b5
Wed Jan 23 2019 14:54:19 GMT+0000 (GMT): GET /team/5c487dc78cc0a607a4b111b5
Wed Jan 23 2019 14:54:20 GMT+0000 (GMT): GET /team/5c487dc78cc0a607a4b111b5
Wed Jan 23 2019 14:54:21 GMT+0000 (GMT): GET /team/5c487dc78cc0a607a4b111b5
Wed Jan 23 2019 14:54:22 GMT+0000 (GMT): GET /team/5c487dc78cc0a607a4b111b5
Wed Jan 23 2019 14:54:23 GMT+0000 (GMT): GET /team/5c487dc78cc0a607a4b111b5
Wed Jan 23 2019 14:54:24 GMT+0000 (GMT): GET /team/5c487dc78cc0a607a4b111b5
Wed Jan 23 2019 14:54:25 GMT+0000 (GMT): GET /team/5c487dc78cc0a607a4b111b5
Wed Jan 23 2019 14:54:26 GMT+0000 (GMT): GET /team/5c487dc78cc0a607a4b111b5
Wed Jan 23 2019 14:54:27 GMT+0000 (GMT): GET /team/5c487dc78cc0a607a4b111b5
Wed Jan 23 2019 14:54:28 GMT+0000 (GMT): GET /team/5c487dc78cc0a607a4b111b5
Wed Jan 23 2019 14:54:29 GMT+0000 (GMT): GET /team/5c487dc78cc0a607a4b111b5
Wed Jan 23 2019 14:54:30 GMT+0000 (GMT): GET /team/5c487dc78cc0a607a4b111b5
Wed Jan 23 2019 14:54:31 GMT+0000 (GMT): GET /team/5c487dc78cc0a607a4b111b5
Wed Jan 23 2019 14:54:32 GMT+0000 (GMT): GET /team/5c487dc78cc0a607a4b111b5
Wed Jan 23 2019 14:54:33 GMT+0000 (GMT): GET /team/5c487dc78cc0a607a4b111b5
Wed Jan 23 2019 14:54:34 GMT+0000 (GMT): GET /team/5c487dc78cc0a607a4b111b5
Wed Jan 23 2019 14:54:35 GMT+0000 (GMT): GET /team/5c487dc78cc0a607a4b111b5
Wed Jan 23 2019 14:54:36 GMT+0000 (GMT): GET /team/5c487dc78cc0a607a4b111b5
Wed Jan 23 2019 14:54:37 GMT+0000 (GMT): GET /team/5c487dc78cc0a607a4b111b5
Wed Jan 23 2019 14:54:38 GMT+0000 (GMT): GET /team/5c487dc78cc0a607a4b111b5
Wed Jan 23 2019 14:54:39 GMT+0000 (GMT): GET /team/5c487dc78cc0a607a4b111b5
Wed Jan 23 2019 14:54:40 GMT+0000 (GMT): GET /team/5c487dc78cc0a607a4b111b5
Wed Jan 23 2019 14:54:41 GMT+0000 (GMT): GET /team/5c487dc78cc0a607a4b111b5
Wed Jan 23 2019 14:54:42 GMT+0000 (GMT): GET /team/5c487dc78cc0a607a4b111b5
Wed Jan 23 2019 14:54:43 GMT+0000 (GMT): GET /team/5c487dc78cc0a607a4b111b5
Wed Jan 23 2019 14:54:44 GMT+0000 (GMT): GET /team/5c487dc78cc0a607a4b111b5
Wed Jan 23 2019 14:54:45 GMT+0000 (GMT): GET /team/5c487dc78cc0a607a4b111b5
Wed Jan 23 2019 14:54:46 GMT+0000 (GMT): GET /team/5c487dc78cc0a607a4b111b5
Wed Jan 23 2019 14:54:47 GMT+0000 (GMT): GET /team/5c487dc78cc0a607a4b111b5
Wed Jan 23 2019 14:54:48 GMT+0000 (GMT): GET /team/5c487dc78cc0a607a4b111b5
Wed Jan 23 2019 14:54:49 GMT+0000 (GMT): GET /team/5c487dc78cc0a607a4b111b5
Wed Jan 23 2019 14:54:50 GMT+0000 (GMT): GET /team/5c487dc78cc0a607a4b111b5
Wed Jan 23 2019 14:54:51 GMT+0000 (GMT): GET /team/5c487dc78cc0a607a4b111b5
Wed Jan 23 2019 14:54:52 GMT+0000 (GMT): GET /team/5c487dc78cc0a607a4b111b5
Wed Jan 23 2019 14:54:53 GMT+0000 (GMT): GET /team/5c487dc78cc0a607a4b111b5
Wed Jan 23 2019 14:54:54 GMT+0000 (GMT): GET /team/5c487dc78cc0a607a4b111b5
Wed Jan 23 2019 14:54:55 GMT+0000 (GMT): GET /team/5c487dc78cc0a607a4b111b5
Wed Jan 23 2019 14:54:56 GMT+0000 (GMT): GET /team/5c487dc78cc0a607a4b111b5
Wed Jan 23 2019 14:54:57 GMT+0000 (GMT): GET /team/5c487dc78cc0a607a4b111b5
Wed Jan 23 2019 14:54:58 GMT+0000 (GMT): GET /team/5c487dc78cc0a607a4b111b5
Wed Jan 23 2019 14:54:59 GMT+0000 (GMT): GET /team/5c487dc78cc0a607a4b111b5
Wed Jan 23 2019 14:55:00 GMT+0000 (GMT): GET /team/5c487dc78cc0a607a4b111b5
Wed Jan 23 2019 14:55:01 GMT+0000 (GMT): GET /team/5c487dc78cc0a607a4b111b5
Wed Jan 23 2019 14:55:02 GMT+0000 (GMT): GET /team/5c487dc78cc0a607a4b111b5
Wed Jan 23 2019 14:55:03 GMT+0000 (GMT): GET /team/5c487dc78cc0a607a4b111b5
Wed Jan 23 2019 14:55:04 GMT+0000 (GMT): GET /team/5c487dc78cc0a607a4b111b5
Wed Jan 23 2019 14:55:05 GMT+0000 (GMT): GET /team/5c487dc78cc0a607a4b111b5
Wed Jan 23 2019 14:55:06 GMT+0000 (GMT): GET /team/5c487dc78cc0a607a4b111b5
Wed Jan 23 2019 14:55:07 GMT+0000 (GMT): GET /team/5c487dc78cc0a607a4b111b5
Wed Jan 23 2019 14:55:08 GMT+0000 (GMT): GET /team/5c487dc78cc0a607a4b111b5
Wed Jan 23 2019 14:55:09 GMT+0000 (GMT): GET /team/5c487dc78cc0a607a4b111b5
Wed Jan 23 2019 14:55:10 GMT+0000 (GMT): GET /team/5c487dc78cc0a607a4b111b5
Wed Jan 23 2019 14:55:11 GMT+0000 (GMT): GET /team/5c487dc78cc0a607a4b111b5
Wed Jan 23 2019 14:55:12 GMT+0000 (GMT): GET /team/5c487dc78cc0a607a4b111b5
Wed Jan 23 2019 14:55:13 GMT+0000 (GMT): GET /team/5c487dc78cc0a607a4b111b5
Wed Jan 23 2019 14:55:14 GMT+0000 (GMT): GET /team/5c487dc78cc0a607a4b111b5
Wed Jan 23 2019 14:55:15 GMT+0000 (GMT): GET /team/5c487dc78cc0a607a4b111b5
Wed Jan 23 2019 14:55:16 GMT+0000 (GMT): GET /team/5c487dc78cc0a607a4b111b5
Wed Jan 23 2019 14:55:17 GMT+0000 (GMT): GET /team/5c487dc78cc0a607a4b111b5
Wed Jan 23 2019 14:55:18 GMT+0000 (GMT): GET /team/5c487dc78cc0a607a4b111b5
Wed Jan 23 2019 14:55:19 GMT+0000 (GMT): GET /team/5c487dc78cc0a607a4b111b5
Wed Jan 23 2019 14:55:20 GMT+0000 (GMT): GET /team/5c487dc78cc0a607a4b111b5
Wed Jan 23 2019 14:55:21 GMT+0000 (GMT): GET /team/5c487dc78cc0a607a4b111b5
Wed Jan 23 2019 14:55:22 GMT+0000 (GMT): GET /team/5c487dc78cc0a607a4b111b5
Wed Jan 23 2019 14:55:23 GMT+0000 (GMT): GET /team/5c487dc78cc0a607a4b111b5
Wed Jan 23 2019 14:55:24 GMT+0000 (GMT): GET /team/5c487dc78cc0a607a4b111b5
Wed Jan 23 2019 14:55:25 GMT+0000 (GMT): GET /team/5c487dc78cc0a607a4b111b5
Wed Jan 23 2019 14:55:26 GMT+0000 (GMT): GET /team/5c487dc78cc0a607a4b111b5
Wed Jan 23 2019 14:55:27 GMT+0000 (GMT): GET /team/5c487dc78cc0a607a4b111b5
Wed Jan 23 2019 14:55:28 GMT+0000 (GMT): GET /team/5c487dc78cc0a607a4b111b5
Wed Jan 23 2019 14:55:29 GMT+0000 (GMT): GET /team/5c487dc78cc0a607a4b111b5
Wed Jan 23 2019 14:55:30 GMT+0000 (GMT): GET /team/5c487dc78cc0a607a4b111b5
Wed Jan 23 2019 14:55:31 GMT+0000 (GMT): GET /team/5c487dc78cc0a607a4b111b5
Wed Jan 23 2019 14:55:32 GMT+0000 (GMT): GET /team/5c487dc78cc0a607a4b111b5
Wed Jan 23 2019 14:55:33 GMT+0000 (GMT): GET /team/5c487dc78cc0a607a4b111b5
Wed Jan 23 2019 14:55:34 GMT+0000 (GMT): GET /team/5c487dc78cc0a607a4b111b5
Wed Jan 23 2019 14:55:35 GMT+0000 (GMT): GET /team/5c487dc78cc0a607a4b111b5
Wed Jan 23 2019 14:55:36 GMT+0000 (GMT): GET /team/5c487dc78cc0a607a4b111b5
Wed Jan 23 2019 14:55:37 GMT+0000 (GMT): GET /team/5c487dc78cc0a607a4b111b5
Wed Jan 23 2019 14:55:38 GMT+0000 (GMT): GET /team/5c487dc78cc0a607a4b111b5
Wed Jan 23 2019 14:55:39 GMT+0000 (GMT): GET /team/5c487dc78cc0a607a4b111b5
Wed Jan 23 2019 14:55:40 GMT+0000 (GMT): GET /team/5c487dc78cc0a607a4b111b5
Wed Jan 23 2019 14:55:41 GMT+0000 (GMT): GET /team/5c487dc78cc0a607a4b111b5
Wed Jan 23 2019 14:55:42 GMT+0000 (GMT): GET /team/5c487dc78cc0a607a4b111b5
Wed Jan 23 2019 14:55:43 GMT+0000 (GMT): GET /team/5c487dc78cc0a607a4b111b5
Wed Jan 23 2019 14:55:44 GMT+0000 (GMT): GET /team/5c487dc78cc0a607a4b111b5
Wed Jan 23 2019 14:55:45 GMT+0000 (GMT): GET /team/5c487dc78cc0a607a4b111b5
Wed Jan 23 2019 14:55:46 GMT+0000 (GMT): GET /team/5c487dc78cc0a607a4b111b5
Wed Jan 23 2019 14:55:47 GMT+0000 (GMT): GET /team/5c487dc78cc0a607a4b111b5
Wed Jan 23 2019 14:55:48 GMT+0000 (GMT): GET /team/5c487dc78cc0a607a4b111b5
Wed Jan 23 2019 14:55:49 GMT+0000 (GMT): GET /team/5c487dc78cc0a607a4b111b5
Wed Jan 23 2019 14:55:50 GMT+0000 (GMT): GET /team/5c487dc78cc0a607a4b111b5
Wed Jan 23 2019 14:55:51 GMT+0000 (GMT): GET /team/5c487dc78cc0a607a4b111b5
Wed Jan 23 2019 14:55:52 GMT+0000 (GMT): GET /team/5c487dc78cc0a607a4b111b5
Wed Jan 23 2019 14:55:53 GMT+0000 (GMT): GET /team/5c487dc78cc0a607a4b111b5
Wed Jan 23 2019 14:55:54 GMT+0000 (GMT): GET /team/5c487dc78cc0a607a4b111b5
Wed Jan 23 2019 14:55:55 GMT+0000 (GMT): GET /team/5c487dc78cc0a607a4b111b5
Wed Jan 23 2019 14:55:56 GMT+0000 (GMT): GET /team/5c487dc78cc0a607a4b111b5
Wed Jan 23 2019 14:55:57 GMT+0000 (GMT): GET /team/5c487dc78cc0a607a4b111b5
Wed Jan 23 2019 14:55:58 GMT+0000 (GMT): GET /team/5c487dc78cc0a607a4b111b5
Wed Jan 23 2019 14:55:59 GMT+0000 (GMT): GET /team/5c487dc78cc0a607a4b111b5
Wed Jan 23 2019 14:56:00 GMT+0000 (GMT): GET /team/5c487dc78cc0a607a4b111b5
Wed Jan 23 2019 14:56:01 GMT+0000 (GMT): GET /team/5c487dc78cc0a607a4b111b5
Wed Jan 23 2019 14:56:02 GMT+0000 (GMT): GET /team/5c487dc78cc0a607a4b111b5
Wed Jan 23 2019 14:56:03 GMT+0000 (GMT): GET /team/5c487dc78cc0a607a4b111b5
Wed Jan 23 2019 14:56:04 GMT+0000 (GMT): GET /team/5c487dc78cc0a607a4b111b5
Wed Jan 23 2019 14:56:05 GMT+0000 (GMT): GET /team/5c487dc78cc0a607a4b111b5
Wed Jan 23 2019 14:56:06 GMT+0000 (GMT): GET /team/5c487dc78cc0a607a4b111b5
Wed Jan 23 2019 14:56:07 GMT+0000 (GMT): GET /team/5c487dc78cc0a607a4b111b5
Wed Jan 23 2019 14:56:08 GMT+0000 (GMT): GET /team/5c487dc78cc0a607a4b111b5
Wed Jan 23 2019 14:56:09 GMT+0000 (GMT): GET /team/5c487dc78cc0a607a4b111b5
Wed Jan 23 2019 14:56:10 GMT+0000 (GMT): GET /team/5c487dc78cc0a607a4b111b5
Wed Jan 23 2019 14:56:11 GMT+0000 (GMT): GET /team/5c487dc78cc0a607a4b111b5
Wed Jan 23 2019 14:56:12 GMT+0000 (GMT): GET /team/5c487dc78cc0a607a4b111b5
Wed Jan 23 2019 14:56:13 GMT+0000 (GMT): GET /team/5c487dc78cc0a607a4b111b5
Wed Jan 23 2019 14:56:14 GMT+0000 (GMT): GET /team/5c487dc78cc0a607a4b111b5
Wed Jan 23 2019 14:56:15 GMT+0000 (GMT): GET /team/5c487dc78cc0a607a4b111b5
Wed Jan 23 2019 14:56:16 GMT+0000 (GMT): GET /team/5c487dc78cc0a607a4b111b5
Wed Jan 23 2019 14:56:17 GMT+0000 (GMT): GET /team/5c487dc78cc0a607a4b111b5
Wed Jan 23 2019 14:56:18 GMT+0000 (GMT): GET /team/5c487dc78cc0a607a4b111b5
Wed Jan 23 2019 14:56:19 GMT+0000 (GMT): GET /team/5c487dc78cc0a607a4b111b5
Wed Jan 23 2019 14:56:20 GMT+0000 (GMT): GET /team/5c487dc78cc0a607a4b111b5
Wed Jan 23 2019 14:56:21 GMT+0000 (GMT): GET /team/5c487dc78cc0a607a4b111b5
Wed Jan 23 2019 14:56:22 GMT+0000 (GMT): GET /team/5c487dc78cc0a607a4b111b5
Wed Jan 23 2019 14:56:23 GMT+0000 (GMT): GET /team/5c487dc78cc0a607a4b111b5
Wed Jan 23 2019 14:56:24 GMT+0000 (GMT): GET /team/5c487dc78cc0a607a4b111b5
Wed Jan 23 2019 14:56:25 GMT+0000 (GMT): GET /team/5c487dc78cc0a607a4b111b5
Wed Jan 23 2019 14:56:26 GMT+0000 (GMT): GET /team/5c487dc78cc0a607a4b111b5
Wed Jan 23 2019 14:56:27 GMT+0000 (GMT): GET /team/5c487dc78cc0a607a4b111b5
Wed Jan 23 2019 14:56:28 GMT+0000 (GMT): GET /team/5c487dc78cc0a607a4b111b5
Wed Jan 23 2019 14:56:29 GMT+0000 (GMT): GET /team/5c487dc78cc0a607a4b111b5
Wed Jan 23 2019 14:56:30 GMT+0000 (GMT): GET /team/5c487dc78cc0a607a4b111b5
Wed Jan 23 2019 14:56:31 GMT+0000 (GMT): GET /team/5c487dc78cc0a607a4b111b5
Wed Jan 23 2019 14:56:32 GMT+0000 (GMT): GET /team/5c487dc78cc0a607a4b111b5
Wed Jan 23 2019 14:56:33 GMT+0000 (GMT): GET /team/5c487dc78cc0a607a4b111b5
Wed Jan 23 2019 14:56:34 GMT+0000 (GMT): GET /team/5c487dc78cc0a607a4b111b5
Wed Jan 23 2019 14:56:35 GMT+0000 (GMT): GET /team/5c487dc78cc0a607a4b111b5
Wed Jan 23 2019 14:56:36 GMT+0000 (GMT): GET /team/5c487dc78cc0a607a4b111b5
Wed Jan 23 2019 14:56:37 GMT+0000 (GMT): GET /team/5c487dc78cc0a607a4b111b5
Wed Jan 23 2019 14:56:38 GMT+0000 (GMT): GET /team/5c487dc78cc0a607a4b111b5
Wed Jan 23 2019 14:56:39 GMT+0000 (GMT): GET /team/5c487dc78cc0a607a4b111b5
Wed Jan 23 2019 14:56:40 GMT+0000 (GMT): GET /team/5c487dc78cc0a607a4b111b5
Wed Jan 23 2019 14:56:41 GMT+0000 (GMT): GET /team/5c487dc78cc0a607a4b111b5
Wed Jan 23 2019 14:56:42 GMT+0000 (GMT): GET /team/5c487dc78cc0a607a4b111b5
Wed Jan 23 2019 14:56:43 GMT+0000 (GMT): GET /team/5c487dc78cc0a607a4b111b5
Wed Jan 23 2019 14:56:44 GMT+0000 (GMT): GET /team/5c487dc78cc0a607a4b111b5
Wed Jan 23 2019 14:56:45 GMT+0000 (GMT): GET /team/5c487dc78cc0a607a4b111b5
Wed Jan 23 2019 14:56:46 GMT+0000 (GMT): GET /team/5c487dc78cc0a607a4b111b5
Wed Jan 23 2019 14:56:47 GMT+0000 (GMT): GET /team/5c487dc78cc0a607a4b111b5
Wed Jan 23 2019 14:56:48 GMT+0000 (GMT): GET /team/5c487dc78cc0a607a4b111b5
Wed Jan 23 2019 14:56:49 GMT+0000 (GMT): GET /team/5c487dc78cc0a607a4b111b5
Wed Jan 23 2019 14:56:50 GMT+0000 (GMT): GET /team/5c487dc78cc0a607a4b111b5
Wed Jan 23 2019 14:56:51 GMT+0000 (GMT): GET /team/5c487dc78cc0a607a4b111b5
Wed Jan 23 2019 14:56:52 GMT+0000 (GMT): GET /team/5c487dc78cc0a607a4b111b5
Wed Jan 23 2019 14:56:53 GMT+0000 (GMT): GET /team/5c487dc78cc0a607a4b111b5
Wed Jan 23 2019 14:56:54 GMT+0000 (GMT): GET /team/5c487dc78cc0a607a4b111b5
Wed Jan 23 2019 14:56:55 GMT+0000 (GMT): GET /team/5c487dc78cc0a607a4b111b5
Wed Jan 23 2019 14:56:56 GMT+0000 (GMT): GET /team/5c487dc78cc0a607a4b111b5
Wed Jan 23 2019 14:56:57 GMT+0000 (GMT): GET /team/5c487dc78cc0a607a4b111b5
Wed Jan 23 2019 14:56:58 GMT+0000 (GMT): GET /team/5c487dc78cc0a607a4b111b5
Wed Jan 23 2019 14:56:59 GMT+0000 (GMT): GET /team/5c487dc78cc0a607a4b111b5
Wed Jan 23 2019 14:57:00 GMT+0000 (GMT): GET /team/5c487dc78cc0a607a4b111b5
Wed Jan 23 2019 14:57:01 GMT+0000 (GMT): GET /team/5c487dc78cc0a607a4b111b5
Wed Jan 23 2019 14:57:02 GMT+0000 (GMT): GET /team/5c487dc78cc0a607a4b111b5
Wed Jan 23 2019 14:57:03 GMT+0000 (GMT): GET /team/5c487dc78cc0a607a4b111b5
Wed Jan 23 2019 14:57:04 GMT+0000 (GMT): GET /team/5c487dc78cc0a607a4b111b5
Wed Jan 23 2019 14:57:05 GMT+0000 (GMT): GET /team/5c487dc78cc0a607a4b111b5
Wed Jan 23 2019 14:57:06 GMT+0000 (GMT): GET /team/5c487dc78cc0a607a4b111b5
Wed Jan 23 2019 14:57:07 GMT+0000 (GMT): GET /team/5c487dc78cc0a607a4b111b5
Wed Jan 23 2019 14:57:08 GMT+0000 (GMT): GET /team/5c487dc78cc0a607a4b111b5
Wed Jan 23 2019 14:57:09 GMT+0000 (GMT): GET /team/5c487dc78cc0a607a4b111b5
Wed Jan 23 2019 14:57:10 GMT+0000 (GMT): GET /team/5c487dc78cc0a607a4b111b5
Wed Jan 23 2019 14:57:11 GMT+0000 (GMT): GET /team/5c487dc78cc0a607a4b111b5
Wed Jan 23 2019 14:57:12 GMT+0000 (GMT): GET /team/5c487dc78cc0a607a4b111b5
Wed Jan 23 2019 14:57:13 GMT+0000 (GMT): GET /team/5c487dc78cc0a607a4b111b5
Wed Jan 23 2019 14:57:14 GMT+0000 (GMT): GET /team/5c487dc78cc0a607a4b111b5
Wed Jan 23 2019 14:57:15 GMT+0000 (GMT): GET /team/5c487dc78cc0a607a4b111b5
Wed Jan 23 2019 14:57:16 GMT+0000 (GMT): GET /team/5c487dc78cc0a607a4b111b5
Wed Jan 23 2019 14:57:17 GMT+0000 (GMT): GET /team/5c487dc78cc0a607a4b111b5
Wed Jan 23 2019 14:57:18 GMT+0000 (GMT): GET /team/5c487dc78cc0a607a4b111b5
Wed Jan 23 2019 14:57:19 GMT+0000 (GMT): GET /team/5c487dc78cc0a607a4b111b5
Wed Jan 23 2019 14:57:20 GMT+0000 (GMT): GET /team/5c487dc78cc0a607a4b111b5
Wed Jan 23 2019 14:57:21 GMT+0000 (GMT): GET /team/5c487dc78cc0a607a4b111b5
Wed Jan 23 2019 14:57:22 GMT+0000 (GMT): GET /team/5c487dc78cc0a607a4b111b5
Wed Jan 23 2019 14:57:23 GMT+0000 (GMT): GET /team/5c487dc78cc0a607a4b111b5
Wed Jan 23 2019 14:57:24 GMT+0000 (GMT): GET /team/5c487dc78cc0a607a4b111b5
Wed Jan 23 2019 14:57:25 GMT+0000 (GMT): GET /team/5c487dc78cc0a607a4b111b5
Wed Jan 23 2019 14:57:26 GMT+0000 (GMT): GET /team/5c487dc78cc0a607a4b111b5
Wed Jan 23 2019 14:57:27 GMT+0000 (GMT): GET /team/5c487dc78cc0a607a4b111b5
Wed Jan 23 2019 14:57:28 GMT+0000 (GMT): GET /team/5c487dc78cc0a607a4b111b5
Wed Jan 23 2019 14:57:29 GMT+0000 (GMT): GET /team/5c487dc78cc0a607a4b111b5
Wed Jan 23 2019 14:57:30 GMT+0000 (GMT): GET /team/5c487dc78cc0a607a4b111b5
Wed Jan 23 2019 14:57:31 GMT+0000 (GMT): GET /team/5c487dc78cc0a607a4b111b5
Wed Jan 23 2019 14:57:32 GMT+0000 (GMT): GET /team/5c487dc78cc0a607a4b111b5
Wed Jan 23 2019 14:57:33 GMT+0000 (GMT): GET /team/5c487dc78cc0a607a4b111b5
Wed Jan 23 2019 14:57:34 GMT+0000 (GMT): GET /team/5c487dc78cc0a607a4b111b5
Wed Jan 23 2019 14:57:35 GMT+0000 (GMT): GET /team/5c487dc78cc0a607a4b111b5
Wed Jan 23 2019 14:57:36 GMT+0000 (GMT): GET /team/5c487dc78cc0a607a4b111b5
Wed Jan 23 2019 14:57:37 GMT+0000 (GMT): GET /team/5c487dc78cc0a607a4b111b5
Wed Jan 23 2019 14:57:38 GMT+0000 (GMT): GET /team/5c487dc78cc0a607a4b111b5
Wed Jan 23 2019 14:57:39 GMT+0000 (GMT): GET /team/5c487dc78cc0a607a4b111b5
Wed Jan 23 2019 14:57:40 GMT+0000 (GMT): GET /team/5c487dc78cc0a607a4b111b5
Wed Jan 23 2019 14:57:41 GMT+0000 (GMT): GET /team/5c487dc78cc0a607a4b111b5
Wed Jan 23 2019 14:57:42 GMT+0000 (GMT): GET /team/5c487dc78cc0a607a4b111b5
Wed Jan 23 2019 14:57:43 GMT+0000 (GMT): GET /team/5c487dc78cc0a607a4b111b5
Wed Jan 23 2019 14:57:44 GMT+0000 (GMT): GET /team/5c487dc78cc0a607a4b111b5
Wed Jan 23 2019 14:57:45 GMT+0000 (GMT): GET /team/5c487dc78cc0a607a4b111b5
Wed Jan 23 2019 14:57:46 GMT+0000 (GMT): GET /team/5c487dc78cc0a607a4b111b5
Wed Jan 23 2019 14:57:47 GMT+0000 (GMT): GET /team/5c487dc78cc0a607a4b111b5
Wed Jan 23 2019 14:57:48 GMT+0000 (GMT): GET /team/5c487dc78cc0a607a4b111b5
Wed Jan 23 2019 14:57:49 GMT+0000 (GMT): GET /team/5c487dc78cc0a607a4b111b5
Wed Jan 23 2019 14:57:50 GMT+0000 (GMT): GET /team/5c487dc78cc0a607a4b111b5
Wed Jan 23 2019 14:57:51 GMT+0000 (GMT): GET /team/5c487dc78cc0a607a4b111b5
Wed Jan 23 2019 14:57:52 GMT+0000 (GMT): GET /team/5c487dc78cc0a607a4b111b5
Wed Jan 23 2019 14:57:53 GMT+0000 (GMT): GET /team/5c487dc78cc0a607a4b111b5
Wed Jan 23 2019 14:57:54 GMT+0000 (GMT): GET /team/5c487dc78cc0a607a4b111b5
Wed Jan 23 2019 14:57:55 GMT+0000 (GMT): GET /team/5c487dc78cc0a607a4b111b5
Wed Jan 23 2019 14:57:56 GMT+0000 (GMT): GET /team/5c487dc78cc0a607a4b111b5
Wed Jan 23 2019 14:57:57 GMT+0000 (GMT): GET /team/5c487dc78cc0a607a4b111b5
Wed Jan 23 2019 14:57:58 GMT+0000 (GMT): GET /team/5c487dc78cc0a607a4b111b5
Wed Jan 23 2019 14:57:59 GMT+0000 (GMT): GET /team/5c487dc78cc0a607a4b111b5
Wed Jan 23 2019 14:58:00 GMT+0000 (GMT): GET /team/5c487dc78cc0a607a4b111b5
Wed Jan 23 2019 14:58:01 GMT+0000 (GMT): GET /team/5c487dc78cc0a607a4b111b5
Wed Jan 23 2019 14:58:02 GMT+0000 (GMT): GET /team/5c487dc78cc0a607a4b111b5
Wed Jan 23 2019 14:58:03 GMT+0000 (GMT): GET /team/5c487dc78cc0a607a4b111b5
Wed Jan 23 2019 14:58:04 GMT+0000 (GMT): GET /team/5c487dc78cc0a607a4b111b5
Wed Jan 23 2019 14:58:05 GMT+0000 (GMT): GET /team/5c487dc78cc0a607a4b111b5
Wed Jan 23 2019 14:58:06 GMT+0000 (GMT): GET /team/5c487dc78cc0a607a4b111b5
Wed Jan 23 2019 14:58:07 GMT+0000 (GMT): GET /team/5c487dc78cc0a607a4b111b5
Wed Jan 23 2019 14:58:08 GMT+0000 (GMT): GET /team/5c487dc78cc0a607a4b111b5
Wed Jan 23 2019 14:58:09 GMT+0000 (GMT): GET /team/5c487dc78cc0a607a4b111b5
Wed Jan 23 2019 14:58:10 GMT+0000 (GMT): GET /team/5c487dc78cc0a607a4b111b5
Wed Jan 23 2019 14:58:11 GMT+0000 (GMT): GET /team/5c487dc78cc0a607a4b111b5
Wed Jan 23 2019 14:58:12 GMT+0000 (GMT): GET /team/5c487dc78cc0a607a4b111b5
Wed Jan 23 2019 14:58:13 GMT+0000 (GMT): GET /team/5c487dc78cc0a607a4b111b5
Wed Jan 23 2019 14:58:14 GMT+0000 (GMT): GET /team/5c487dc78cc0a607a4b111b5
Wed Jan 23 2019 14:58:15 GMT+0000 (GMT): GET /team/5c487dc78cc0a607a4b111b5
Wed Jan 23 2019 14:58:16 GMT+0000 (GMT): GET /team/5c487dc78cc0a607a4b111b5
Wed Jan 23 2019 14:58:17 GMT+0000 (GMT): GET /team/5c487dc78cc0a607a4b111b5
Wed Jan 23 2019 14:58:18 GMT+0000 (GMT): GET /team/5c487dc78cc0a607a4b111b5
Wed Jan 23 2019 14:58:19 GMT+0000 (GMT): GET /team/5c487dc78cc0a607a4b111b5
Wed Jan 23 2019 14:58:20 GMT+0000 (GMT): GET /team/5c487dc78cc0a607a4b111b5
Wed Jan 23 2019 14:58:21 GMT+0000 (GMT): GET /team/5c487dc78cc0a607a4b111b5
Wed Jan 23 2019 14:58:22 GMT+0000 (GMT): GET /team/5c487dc78cc0a607a4b111b5
Wed Jan 23 2019 14:58:23 GMT+0000 (GMT): GET /team/5c487dc78cc0a607a4b111b5
Wed Jan 23 2019 14:58:24 GMT+0000 (GMT): GET /team/5c487dc78cc0a607a4b111b5
Wed Jan 23 2019 14:58:25 GMT+0000 (GMT): GET /team/5c487dc78cc0a607a4b111b5
Wed Jan 23 2019 14:58:26 GMT+0000 (GMT): GET /team/5c487dc78cc0a607a4b111b5
Wed Jan 23 2019 14:58:27 GMT+0000 (GMT): GET /team/5c487dc78cc0a607a4b111b5
Wed Jan 23 2019 14:58:28 GMT+0000 (GMT): GET /team/5c487dc78cc0a607a4b111b5
Wed Jan 23 2019 14:58:29 GMT+0000 (GMT): GET /team/5c487dc78cc0a607a4b111b5
Wed Jan 23 2019 14:58:30 GMT+0000 (GMT): GET /team/5c487dc78cc0a607a4b111b5
Wed Jan 23 2019 14:58:31 GMT+0000 (GMT): GET /team/5c487dc78cc0a607a4b111b5
Wed Jan 23 2019 14:58:32 GMT+0000 (GMT): GET /team/5c487dc78cc0a607a4b111b5
Wed Jan 23 2019 14:58:33 GMT+0000 (GMT): GET /team/5c487dc78cc0a607a4b111b5
Wed Jan 23 2019 14:58:34 GMT+0000 (GMT): GET /team/5c487dc78cc0a607a4b111b5
Wed Jan 23 2019 14:58:35 GMT+0000 (GMT): GET /team/5c487dc78cc0a607a4b111b5
Wed Jan 23 2019 14:58:36 GMT+0000 (GMT): GET /team/5c487dc78cc0a607a4b111b5
Wed Jan 23 2019 14:58:37 GMT+0000 (GMT): GET /team/5c487dc78cc0a607a4b111b5
Wed Jan 23 2019 14:58:38 GMT+0000 (GMT): GET /team/5c487dc78cc0a607a4b111b5
Wed Jan 23 2019 14:58:39 GMT+0000 (GMT): GET /team/5c487dc78cc0a607a4b111b5
Wed Jan 23 2019 14:58:40 GMT+0000 (GMT): GET /team/5c487dc78cc0a607a4b111b5
Wed Jan 23 2019 14:58:41 GMT+0000 (GMT): GET /team/5c487dc78cc0a607a4b111b5
Wed Jan 23 2019 14:58:42 GMT+0000 (GMT): GET /team/5c487dc78cc0a607a4b111b5
Wed Jan 23 2019 14:58:43 GMT+0000 (GMT): GET /team/5c487dc78cc0a607a4b111b5
Wed Jan 23 2019 14:58:44 GMT+0000 (GMT): GET /team/5c487dc78cc0a607a4b111b5
Wed Jan 23 2019 14:58:45 GMT+0000 (GMT): GET /team/5c487dc78cc0a607a4b111b5
Wed Jan 23 2019 14:58:46 GMT+0000 (GMT): GET /team/5c487dc78cc0a607a4b111b5
Wed Jan 23 2019 14:58:47 GMT+0000 (GMT): GET /team/5c487dc78cc0a607a4b111b5
Wed Jan 23 2019 14:58:48 GMT+0000 (GMT): GET /team/5c487dc78cc0a607a4b111b5
Wed Jan 23 2019 14:58:49 GMT+0000 (GMT): GET /team/5c487dc78cc0a607a4b111b5
Wed Jan 23 2019 14:58:50 GMT+0000 (GMT): GET /team/5c487dc78cc0a607a4b111b5
Wed Jan 23 2019 14:58:51 GMT+0000 (GMT): GET /team/5c487dc78cc0a607a4b111b5
Wed Jan 23 2019 14:58:52 GMT+0000 (GMT): GET /team/5c487dc78cc0a607a4b111b5
Wed Jan 23 2019 14:58:53 GMT+0000 (GMT): GET /team/5c487dc78cc0a607a4b111b5
Wed Jan 23 2019 14:58:54 GMT+0000 (GMT): GET /team/5c487dc78cc0a607a4b111b5
Wed Jan 23 2019 14:58:55 GMT+0000 (GMT): GET /team/5c487dc78cc0a607a4b111b5
Wed Jan 23 2019 14:58:56 GMT+0000 (GMT): GET /team/5c487dc78cc0a607a4b111b5
Wed Jan 23 2019 14:58:57 GMT+0000 (GMT): GET /team/5c487dc78cc0a607a4b111b5
Wed Jan 23 2019 14:58:58 GMT+0000 (GMT): GET /team/5c487dc78cc0a607a4b111b5
Wed Jan 23 2019 14:58:59 GMT+0000 (GMT): GET /team/5c487dc78cc0a607a4b111b5
Wed Jan 23 2019 14:59:00 GMT+0000 (GMT): GET /team/5c487dc78cc0a607a4b111b5
Wed Jan 23 2019 14:59:01 GMT+0000 (GMT): GET /team/5c487dc78cc0a607a4b111b5
Wed Jan 23 2019 14:59:02 GMT+0000 (GMT): GET /team/5c487dc78cc0a607a4b111b5
Wed Jan 23 2019 14:59:03 GMT+0000 (GMT): GET /team/5c487dc78cc0a607a4b111b5
Wed Jan 23 2019 14:59:04 GMT+0000 (GMT): GET /team/5c487dc78cc0a607a4b111b5
Wed Jan 23 2019 14:59:05 GMT+0000 (GMT): GET /team/5c487dc78cc0a607a4b111b5
Wed Jan 23 2019 14:59:06 GMT+0000 (GMT): GET /team/5c487dc78cc0a607a4b111b5
Wed Jan 23 2019 14:59:07 GMT+0000 (GMT): GET /team/5c487dc78cc0a607a4b111b5
Wed Jan 23 2019 14:59:08 GMT+0000 (GMT): GET /team/5c487dc78cc0a607a4b111b5
Wed Jan 23 2019 14:59:09 GMT+0000 (GMT): GET /team/5c487dc78cc0a607a4b111b5
Wed Jan 23 2019 14:59:10 GMT+0000 (GMT): GET /team/5c487dc78cc0a607a4b111b5
Wed Jan 23 2019 14:59:11 GMT+0000 (GMT): GET /team/5c487dc78cc0a607a4b111b5
Wed Jan 23 2019 14:59:12 GMT+0000 (GMT): GET /team/5c487dc78cc0a607a4b111b5
Wed Jan 23 2019 14:59:13 GMT+0000 (GMT): GET /team/5c487dc78cc0a607a4b111b5
Wed Jan 23 2019 14:59:14 GMT+0000 (GMT): GET /team/5c487dc78cc0a607a4b111b5
Wed Jan 23 2019 14:59:15 GMT+0000 (GMT): GET /team/5c487dc78cc0a607a4b111b5
Wed Jan 23 2019 14:59:16 GMT+0000 (GMT): GET /team/5c487dc78cc0a607a4b111b5
Wed Jan 23 2019 14:59:17 GMT+0000 (GMT): GET /team/5c487dc78cc0a607a4b111b5
Wed Jan 23 2019 14:59:18 GMT+0000 (GMT): GET /team/5c487dc78cc0a607a4b111b5
Wed Jan 23 2019 14:59:19 GMT+0000 (GMT): GET /team/5c487dc78cc0a607a4b111b5
Wed Jan 23 2019 14:59:20 GMT+0000 (GMT): GET /team/5c487dc78cc0a607a4b111b5
Wed Jan 23 2019 14:59:21 GMT+0000 (GMT): GET /team/5c487dc78cc0a607a4b111b5
Wed Jan 23 2019 14:59:22 GMT+0000 (GMT): GET /team/5c487dc78cc0a607a4b111b5
Wed Jan 23 2019 14:59:23 GMT+0000 (GMT): GET /team/5c487dc78cc0a607a4b111b5
Wed Jan 23 2019 14:59:24 GMT+0000 (GMT): GET /team/5c487dc78cc0a607a4b111b5
Wed Jan 23 2019 14:59:25 GMT+0000 (GMT): GET /team/5c487dc78cc0a607a4b111b5
Wed Jan 23 2019 14:59:26 GMT+0000 (GMT): GET /team/5c487dc78cc0a607a4b111b5
Wed Jan 23 2019 14:59:27 GMT+0000 (GMT): GET /team/5c487dc78cc0a607a4b111b5
Wed Jan 23 2019 14:59:28 GMT+0000 (GMT): GET /team/5c487dc78cc0a607a4b111b5
Wed Jan 23 2019 14:59:29 GMT+0000 (GMT): GET /team/5c487dc78cc0a607a4b111b5
Wed Jan 23 2019 14:59:30 GMT+0000 (GMT): GET /team/5c487dc78cc0a607a4b111b5
Wed Jan 23 2019 14:59:31 GMT+0000 (GMT): GET /team/5c487dc78cc0a607a4b111b5
Wed Jan 23 2019 14:59:32 GMT+0000 (GMT): GET /team/5c487dc78cc0a607a4b111b5
Wed Jan 23 2019 14:59:33 GMT+0000 (GMT): GET /team/5c487dc78cc0a607a4b111b5
Wed Jan 23 2019 14:59:34 GMT+0000 (GMT): GET /team/5c487dc78cc0a607a4b111b5
Wed Jan 23 2019 14:59:35 GMT+0000 (GMT): GET /team/5c487dc78cc0a607a4b111b5
Wed Jan 23 2019 14:59:36 GMT+0000 (GMT): GET /team/5c487dc78cc0a607a4b111b5
Wed Jan 23 2019 14:59:37 GMT+0000 (GMT): GET /team/5c487dc78cc0a607a4b111b5
Wed Jan 23 2019 14:59:38 GMT+0000 (GMT): GET /team/5c487dc78cc0a607a4b111b5
Wed Jan 23 2019 14:59:39 GMT+0000 (GMT): GET /team/5c487dc78cc0a607a4b111b5
Wed Jan 23 2019 14:59:40 GMT+0000 (GMT): GET /team/5c487dc78cc0a607a4b111b5
Wed Jan 23 2019 14:59:41 GMT+0000 (GMT): GET /team/5c487dc78cc0a607a4b111b5
Wed Jan 23 2019 14:59:42 GMT+0000 (GMT): GET /team/5c487dc78cc0a607a4b111b5
Wed Jan 23 2019 14:59:43 GMT+0000 (GMT): GET /team/5c487dc78cc0a607a4b111b5
Wed Jan 23 2019 14:59:44 GMT+0000 (GMT): GET /team/5c487dc78cc0a607a4b111b5
Wed Jan 23 2019 14:59:45 GMT+0000 (GMT): GET /team/5c487dc78cc0a607a4b111b5
Wed Jan 23 2019 14:59:46 GMT+0000 (GMT): GET /team/5c487dc78cc0a607a4b111b5
Wed Jan 23 2019 14:59:47 GMT+0000 (GMT): GET /team/5c487dc78cc0a607a4b111b5
Wed Jan 23 2019 14:59:48 GMT+0000 (GMT): GET /team/5c487dc78cc0a607a4b111b5
Wed Jan 23 2019 14:59:49 GMT+0000 (GMT): GET /team/5c487dc78cc0a607a4b111b5
Wed Jan 23 2019 14:59:50 GMT+0000 (GMT): GET /team/5c487dc78cc0a607a4b111b5
Wed Jan 23 2019 14:59:51 GMT+0000 (GMT): GET /team/5c487dc78cc0a607a4b111b5
Wed Jan 23 2019 14:59:52 GMT+0000 (GMT): GET /team/5c487dc78cc0a607a4b111b5
Wed Jan 23 2019 14:59:53 GMT+0000 (GMT): GET /team/5c487dc78cc0a607a4b111b5
Wed Jan 23 2019 14:59:54 GMT+0000 (GMT): GET /team/5c487dc78cc0a607a4b111b5
Wed Jan 23 2019 14:59:55 GMT+0000 (GMT): GET /team/5c487dc78cc0a607a4b111b5
Wed Jan 23 2019 14:59:56 GMT+0000 (GMT): GET /team/5c487dc78cc0a607a4b111b5
Wed Jan 23 2019 14:59:57 GMT+0000 (GMT): GET /team/5c487dc78cc0a607a4b111b5
Wed Jan 23 2019 14:59:58 GMT+0000 (GMT): GET /team/5c487dc78cc0a607a4b111b5
Wed Jan 23 2019 14:59:59 GMT+0000 (GMT): GET /team/5c487dc78cc0a607a4b111b5
Wed Jan 23 2019 15:00:00 GMT+0000 (GMT): GET /team/5c487dc78cc0a607a4b111b5
Wed Jan 23 2019 15:00:01 GMT+0000 (GMT): GET /team/5c487dc78cc0a607a4b111b5
Wed Jan 23 2019 15:00:02 GMT+0000 (GMT): GET /team/5c487dc78cc0a607a4b111b5
Wed Jan 23 2019 15:00:03 GMT+0000 (GMT): GET /team/5c487dc78cc0a607a4b111b5
Wed Jan 23 2019 15:00:04 GMT+0000 (GMT): GET /team/5c487dc78cc0a607a4b111b5
Wed Jan 23 2019 15:00:05 GMT+0000 (GMT): GET /team/5c487dc78cc0a607a4b111b5
Wed Jan 23 2019 15:00:06 GMT+0000 (GMT): GET /team/5c487dc78cc0a607a4b111b5
Wed Jan 23 2019 15:00:07 GMT+0000 (GMT): GET /team/5c487dc78cc0a607a4b111b5
Wed Jan 23 2019 15:00:08 GMT+0000 (GMT): GET /team/5c487dc78cc0a607a4b111b5
Wed Jan 23 2019 15:00:09 GMT+0000 (GMT): GET /team/5c487dc78cc0a607a4b111b5
Wed Jan 23 2019 15:00:10 GMT+0000 (GMT): GET /team/5c487dc78cc0a607a4b111b5
Wed Jan 23 2019 15:00:11 GMT+0000 (GMT): GET /team/5c487dc78cc0a607a4b111b5
Wed Jan 23 2019 15:00:12 GMT+0000 (GMT): GET /team/5c487dc78cc0a607a4b111b5
Wed Jan 23 2019 15:00:13 GMT+0000 (GMT): GET /team/5c487dc78cc0a607a4b111b5
Wed Jan 23 2019 15:00:14 GMT+0000 (GMT): GET /team/5c487dc78cc0a607a4b111b5
Wed Jan 23 2019 15:00:15 GMT+0000 (GMT): GET /team/5c487dc78cc0a607a4b111b5
Wed Jan 23 2019 15:00:25 GMT+0000 (GMT): GET /
Wed Jan 23 2019 15:00:25 GMT+0000 (GMT): GET /css/main.css
Wed Jan 23 2019 15:00:25 GMT+0000 (GMT): GET /images/logo2016v2.png
Wed Jan 23 2019 15:00:25 GMT+0000 (GMT): GET /favicon.ico
Wed Jan 23 2019 15:00:26 GMT+0000 (GMT): GET /list
Wed Jan 23 2019 15:00:27 GMT+0000 (GMT): GET /css/main.css
Wed Jan 23 2019 15:00:27 GMT+0000 (GMT): GET /images/logo2016v2.png
Wed Jan 23 2019 15:00:27 GMT+0000 (GMT): GET /favicon.ico
Wed Jan 23 2019 15:00:34 GMT+0000 (GMT): GET /team/5c487dc78cc0a607a4b111b5
Wed Jan 23 2019 15:00:35 GMT+0000 (GMT): GET /favicon.ico
